<?xml version="1.0" encoding="UTF-8"?>
<!-- Generated by org.testng.reporters.JUnitXMLReporter -->
<testsuite ignored="0" hostname="DESKTOP-K0ONJ7J" failures="0" tests="9" name="FirFoxTest" time="72.883" errors="0" timestamp="2025-02-27T14:06:35 IST">
  <testcase classname="com.sausedemo.qa.TestCases.LoginDDT_Test" name="ValidateLogin" time="5.617"/>
  <testcase classname="com.sausedemo.qa.TestCases.LoginDDT_Test" name="ValidateLogin" time="14.803"/>
  <testcase classname="com.sausedemo.qa.TestCases.LoginDDT_Test" name="ValidateLogin" time="14.833"/>
  <testcase classname="com.sausedemo.qa.TestCases.LoginDDT_Test" name="ValidateLogin" time="14.821"/>
  <testcase classname="com.sausedemo.qa.TestCases.LoginDDT_Test" name="ValidateLogin" time="10.285"/>
  <testcase classname="com.sausedemo.qa.TestCases.Login_Test" name="ValidateLogin" time="0.0">
    <skipped/>
  </testcase> <!-- ValidateLogin -->
  <testcase classname="com.sausedemo.qa.TestCases.Homepage_Products_Test" name="validateMenu" time="0.0">
    <skipped/>
  </testcase> <!-- validateMenu -->
  <testcase classname="com.sausedemo.qa.TestCases.Homepage_Products_Test" name="ValidateNorOfproducts" time="0.0">
    <skipped/>
  </testcase> <!-- ValidateNorOfproducts -->
  <testcase classname="com.sausedemo.qa.TestCases.Homepage_Products_Test" name="ValidateAddCart" time="0.0">
    <skipped/>
  </testcase> <!-- ValidateAddCart -->
</testsuite> <!-- FirFoxTest -->
