<?xml version="1.0" encoding="UTF-8"?>
<!-- Generated by org.testng.reporters.JUnitXMLReporter -->
<testsuite ignored="0" hostname="DESKTOP-K0ONJ7J" failures="1" tests="1" name="Test" time="18.812" errors="0" timestamp="2024-10-14T18:14:21 IST">
  <testcase classname="com.sausedemo.qa.TestCases.Login_Test" name="ValidateLogin" time="4.773">
    <failure type="java.lang.AssertionError" message="expected [true] but found [false]">
      <![CDATA[java.lang.AssertionError: expected [true] but found [false]
at com.sausedemo.qa.TestCases.Login_Test.ValidateLogin(Login_Test.java:38)
at java.base/java.util.ArrayList.forEach(ArrayList.java:1596)
... Removed 29 stack frames]]>
    </failure>
  </testcase> <!-- ValidateLogin -->
</testsuite> <!-- Test -->
