<?xml version="1.0" encoding="UTF-8"?>
<testng-results ignored="0" total="27" passed="15" failed="12" skipped="0">
  <reporter-output>
  </reporter-output>
  <suite started-at="2025-02-27T14:53:45 IST" name="Suite" finished-at="2025-02-27T14:55:31 IST" duration-ms="106417">
    <groups>
      <group name="regression">
        <method signature="Login_Test.ValidateLogin()[pri:0, instance:com.sausedemo.qa.TestCases.Login_Test@73e9cf30]" name="ValidateLogin" class="com.sausedemo.qa.TestCases.Login_Test"/>
        <method signature="Login_Test.ValidateLogin()[pri:0, instance:com.sausedemo.qa.TestCases.Login_Test@644baf4a]" name="ValidateLogin" class="com.sausedemo.qa.TestCases.Login_Test"/>
        <method signature="Login_Test.ValidateLogin()[pri:0, instance:com.sausedemo.qa.TestCases.Login_Test@6d4d66d2]" name="ValidateLogin" class="com.sausedemo.qa.TestCases.Login_Test"/>
      </group> <!-- regression -->
      <group name="smoke">
        <method signature="Login_Test.ValidateLogin()[pri:0, instance:com.sausedemo.qa.TestCases.Login_Test@73e9cf30]" name="ValidateLogin" class="com.sausedemo.qa.TestCases.Login_Test"/>
        <method signature="Login_Test.ValidateLogin()[pri:0, instance:com.sausedemo.qa.TestCases.Login_Test@644baf4a]" name="ValidateLogin" class="com.sausedemo.qa.TestCases.Login_Test"/>
        <method signature="Login_Test.ValidateLogin()[pri:0, instance:com.sausedemo.qa.TestCases.Login_Test@6d4d66d2]" name="ValidateLogin" class="com.sausedemo.qa.TestCases.Login_Test"/>
      </group> <!-- smoke -->
      <group name="sanity">
        <method signature="Homepage_Products_Test.validateMenu()[pri:1, instance:com.sausedemo.qa.TestCases.Homepage_Products_Test@771a660]" name="validateMenu" class="com.sausedemo.qa.TestCases.Homepage_Products_Test"/>
        <method signature="Homepage_Products_Test.validateMenu()[pri:1, instance:com.sausedemo.qa.TestCases.Homepage_Products_Test@7526515b]" name="validateMenu" class="com.sausedemo.qa.TestCases.Homepage_Products_Test"/>
        <method signature="Homepage_Products_Test.validateMenu()[pri:1, instance:com.sausedemo.qa.TestCases.Homepage_Products_Test@2a265ea9]" name="validateMenu" class="com.sausedemo.qa.TestCases.Homepage_Products_Test"/>
      </group> <!-- sanity -->
      <group name="master">
        <method signature="Login_Test.ValidateLogin()[pri:0, instance:com.sausedemo.qa.TestCases.Login_Test@73e9cf30]" name="ValidateLogin" class="com.sausedemo.qa.TestCases.Login_Test"/>
        <method signature="Homepage_Products_Test.validateMenu()[pri:1, instance:com.sausedemo.qa.TestCases.Homepage_Products_Test@771a660]" name="validateMenu" class="com.sausedemo.qa.TestCases.Homepage_Products_Test"/>
        <method signature="Login_Test.ValidateLogin()[pri:0, instance:com.sausedemo.qa.TestCases.Login_Test@644baf4a]" name="ValidateLogin" class="com.sausedemo.qa.TestCases.Login_Test"/>
        <method signature="Homepage_Products_Test.validateMenu()[pri:1, instance:com.sausedemo.qa.TestCases.Homepage_Products_Test@7526515b]" name="validateMenu" class="com.sausedemo.qa.TestCases.Homepage_Products_Test"/>
        <method signature="Login_Test.ValidateLogin()[pri:0, instance:com.sausedemo.qa.TestCases.Login_Test@6d4d66d2]" name="ValidateLogin" class="com.sausedemo.qa.TestCases.Login_Test"/>
        <method signature="Homepage_Products_Test.validateMenu()[pri:1, instance:com.sausedemo.qa.TestCases.Homepage_Products_Test@2a265ea9]" name="validateMenu" class="com.sausedemo.qa.TestCases.Homepage_Products_Test"/>
      </group> <!-- master -->
    </groups>
    <test started-at="2025-02-27T14:53:45 IST" name="EdgeTest" finished-at="2025-02-27T14:55:27 IST" duration-ms="102172">
      <class name="com.sausedemo.qa.TestCases.LoginDDT_Test">
        <test-method is-config="true" signature="SetUp(java.lang.String)[pri:0, instance:com.sausedemo.qa.TestCases.LoginDDT_Test@f78a47e]" started-at="2025-02-27T14:53:45 IST" name="SetUp" finished-at="2025-02-27T14:53:53 IST" duration-ms="7882" status="PASS">
          <params>
            <param index="0">
              <value>
                <![CDATA[edge]]>
              </value>
            </param>
          </params>
          <reporter-output>
          </reporter-output>
        </test-method> <!-- SetUp -->
        <test-method signature="ValidateLogin(java.lang.String,java.lang.String)[pri:0, instance:com.sausedemo.qa.TestCases.LoginDDT_Test@f78a47e]" started-at="2025-02-27T14:53:53 IST" name="ValidateLogin" data-provider="dp by Arry Object" finished-at="2025-02-27T14:54:05 IST" duration-ms="12086" status="PASS">
          <params>
            <param index="0">
              <value>
                <![CDATA[standard_user]]>
              </value>
            </param>
            <param index="1">
              <value>
                <![CDATA[secret_sauce]]>
              </value>
            </param>
          </params>
          <reporter-output>
          </reporter-output>
        </test-method> <!-- ValidateLogin -->
        <test-method signature="ValidateLogin(java.lang.String,java.lang.String)[pri:0, instance:com.sausedemo.qa.TestCases.LoginDDT_Test@f78a47e]" started-at="2025-02-27T14:54:05 IST" name="ValidateLogin" data-provider="dp by Arry Object" finished-at="2025-02-27T14:54:18 IST" duration-ms="12699" status="PASS">
          <params>
            <param index="0">
              <value>
                <![CDATA[]]>
              </value>
            </param>
            <param index="1">
              <value>
                <![CDATA[]]>
              </value>
            </param>
          </params>
          <reporter-output>
          </reporter-output>
        </test-method> <!-- ValidateLogin -->
        <test-method signature="ValidateLogin(java.lang.String,java.lang.String)[pri:0, instance:com.sausedemo.qa.TestCases.LoginDDT_Test@f78a47e]" started-at="2025-02-27T14:54:18 IST" name="ValidateLogin" data-provider="dp by Arry Object" finished-at="2025-02-27T14:54:30 IST" duration-ms="12560" status="PASS">
          <params>
            <param index="0">
              <value>
                <![CDATA[saadbvaebfb@rghh]]>
              </value>
            </param>
            <param index="1">
              <value>
                <![CDATA[]]>
              </value>
            </param>
          </params>
          <reporter-output>
          </reporter-output>
        </test-method> <!-- ValidateLogin -->
        <test-method signature="ValidateLogin(java.lang.String,java.lang.String)[pri:0, instance:com.sausedemo.qa.TestCases.LoginDDT_Test@f78a47e]" started-at="2025-02-27T14:54:30 IST" name="ValidateLogin" data-provider="dp by Arry Object" finished-at="2025-02-27T14:54:43 IST" duration-ms="12508" status="PASS">
          <params>
            <param index="0">
              <value>
                <![CDATA[]]>
              </value>
            </param>
            <param index="1">
              <value>
                <![CDATA[secret_sauce]]>
              </value>
            </param>
          </params>
          <reporter-output>
          </reporter-output>
        </test-method> <!-- ValidateLogin -->
        <test-method signature="ValidateLogin(java.lang.String,java.lang.String)[pri:0, instance:com.sausedemo.qa.TestCases.LoginDDT_Test@f78a47e]" started-at="2025-02-27T14:54:43 IST" name="ValidateLogin" data-provider="dp by Arry Object" finished-at="2025-02-27T14:54:51 IST" duration-ms="7902" status="PASS">
          <params>
            <param index="0">
              <value>
                <![CDATA[performance_glitch_user]]>
              </value>
            </param>
            <param index="1">
              <value>
                <![CDATA[secret_sauce]]>
              </value>
            </param>
          </params>
          <reporter-output>
          </reporter-output>
        </test-method> <!-- ValidateLogin -->
        <test-method is-config="true" signature="tearDown()[pri:0, instance:com.sausedemo.qa.TestCases.LoginDDT_Test@f78a47e]" started-at="2025-02-27T14:54:51 IST" name="tearDown" finished-at="2025-02-27T14:54:53 IST" duration-ms="2234" status="PASS">
          <reporter-output>
          </reporter-output>
        </test-method> <!-- tearDown -->
      </class> <!-- com.sausedemo.qa.TestCases.LoginDDT_Test -->
      <class name="com.sausedemo.qa.TestCases.Login_Test">
        <test-method is-config="true" signature="SetUp(java.lang.String)[pri:0, instance:com.sausedemo.qa.TestCases.Login_Test@644baf4a]" started-at="2025-02-27T14:54:53 IST" name="SetUp" finished-at="2025-02-27T14:54:59 IST" duration-ms="5839" status="PASS">
          <params>
            <param index="0">
              <value>
                <![CDATA[edge]]>
              </value>
            </param>
          </params>
          <reporter-output>
          </reporter-output>
        </test-method> <!-- SetUp -->
        <test-method signature="ValidateLogin()[pri:0, instance:com.sausedemo.qa.TestCases.Login_Test@644baf4a]" started-at="2025-02-27T14:54:59 IST" name="ValidateLogin" finished-at="2025-02-27T14:55:04 IST" duration-ms="5642" status="FAIL">
          <exception class="java.lang.AssertionError">
            <message>
              <![CDATA[expected [true] but found [false]]]>
            </message>
            <full-stacktrace>
              <![CDATA[java.lang.AssertionError: expected [true] but found [false]
at org.testng.Assert.fail(Assert.java:111)
at org.testng.Assert.failNotEquals(Assert.java:1578)
at org.testng.Assert.assertTrue(Assert.java:57)
at org.testng.Assert.assertTrue(Assert.java:67)
at com.sausedemo.qa.TestCases.Login_Test.ValidateLogin(Login_Test.java:38)
at java.base/jdk.internal.reflect.NativeMethodAccessorImpl.invoke0(Native Method)
at java.base/jdk.internal.reflect.NativeMethodAccessorImpl.invoke(NativeMethodAccessorImpl.java:62)
at java.base/jdk.internal.reflect.DelegatingMethodAccessorImpl.invoke(DelegatingMethodAccessorImpl.java:43)
at java.base/java.lang.reflect.Method.invoke(Method.java:566)
at org.testng.internal.invokers.MethodInvocationHelper.invokeMethod(MethodInvocationHelper.java:141)
at org.testng.internal.invokers.TestInvoker.invokeMethod(TestInvoker.java:686)
at org.testng.internal.invokers.TestInvoker.invokeTestMethod(TestInvoker.java:230)
at org.testng.internal.invokers.MethodRunner.runInSequence(MethodRunner.java:63)
at org.testng.internal.invokers.TestInvoker$MethodInvocationAgent.invoke(TestInvoker.java:992)
at org.testng.internal.invokers.TestInvoker.invokeTestMethods(TestInvoker.java:203)
at org.testng.internal.invokers.TestMethodWorker.invokeTestMethods(TestMethodWorker.java:154)
at org.testng.internal.invokers.TestMethodWorker.run(TestMethodWorker.java:134)
at java.base/java.util.ArrayList.forEach(ArrayList.java:1541)
at org.testng.TestRunner.privateRun(TestRunner.java:739)
at org.testng.TestRunner.run(TestRunner.java:614)
at org.testng.SuiteRunner.runTest(SuiteRunner.java:421)
at org.testng.SuiteRunner$SuiteWorker.run(SuiteRunner.java:463)
at org.testng.internal.thread.ThreadUtil.lambda$execute$0(ThreadUtil.java:64)
at java.base/java.util.concurrent.FutureTask.run(FutureTask.java:264)
at java.base/java.util.concurrent.ThreadPoolExecutor.runWorker(ThreadPoolExecutor.java:1128)
at java.base/java.util.concurrent.ThreadPoolExecutor$Worker.run(ThreadPoolExecutor.java:628)
at java.base/java.lang.Thread.run(Thread.java:834)
]]>
            </full-stacktrace>
          </exception> <!-- java.lang.AssertionError -->
          <reporter-output>
          </reporter-output>
        </test-method> <!-- ValidateLogin -->
        <test-method is-config="true" signature="tearDown()[pri:0, instance:com.sausedemo.qa.TestCases.Login_Test@644baf4a]" started-at="2025-02-27T14:55:04 IST" name="tearDown" finished-at="2025-02-27T14:55:07 IST" duration-ms="2196" status="PASS">
          <reporter-output>
          </reporter-output>
        </test-method> <!-- tearDown -->
      </class> <!-- com.sausedemo.qa.TestCases.Login_Test -->
      <class name="com.sausedemo.qa.TestCases.Homepage_Products_Test">
        <test-method is-config="true" signature="SetUp(java.lang.String)[pri:0, instance:com.sausedemo.qa.TestCases.Homepage_Products_Test@7526515b]" started-at="2025-02-27T14:55:07 IST" name="SetUp" finished-at="2025-02-27T14:55:16 IST" duration-ms="9685" status="PASS">
          <params>
            <param index="0">
              <value>
                <![CDATA[edge]]>
              </value>
            </param>
          </params>
          <reporter-output>
          </reporter-output>
        </test-method> <!-- SetUp -->
        <test-method signature="validateMenu()[pri:1, instance:com.sausedemo.qa.TestCases.Homepage_Products_Test@7526515b]" started-at="2025-02-27T14:55:16 IST" name="validateMenu" finished-at="2025-02-27T14:55:21 IST" duration-ms="5145" status="FAIL">
          <exception class="org.openqa.selenium.NoSuchSessionException">
            <message>
              <![CDATA[invalid session id: session deleted as the browser has closed the connection
from disconnected: not connected to DevTools
  (Session info: MicrosoftEdge=133.0.3065.82)
Build info: version: '4.23.1', revision: '656257d8e9'
System info: os.name: 'Windows 10', os.arch: 'amd64', os.version: '10.0', java.version: '11.0.24'
Driver info: org.openqa.selenium.edge.EdgeDriver
Command: [16d92c72b96edf69e33bd8d9c17c883a, findElement {using=xpath, value=//button[@id='react-burger-menu-btn']}]
Capabilities {acceptInsecureCerts: false, browserName: MicrosoftEdge, browserVersion: 133.0.3065.82, fedcm:accounts: true, ms:edgeOptions: {debuggerAddress: localhost:51946}, msedge: {msedgedriverVersion: 133.0.3065.82 (e8aeaf3e0117..., userDataDir: C:\Users\User\AppData\Local...}, networkConnectionEnabled: false, pageLoadStrategy: normal, platformName: windows, proxy: Proxy(), se:cdp: ws://localhost:51946/devtoo..., se:cdpVersion: 133.0.3065.82, setWindowRect: true, strictFileInteractability: false, timeouts: {implicit: 0, pageLoad: 300000, script: 30000}, unhandledPromptBehavior: dismiss and notify, webauthn:extension:credBlob: true, webauthn:extension:largeBlob: true, webauthn:extension:minPinLength: true, webauthn:extension:prf: true, webauthn:virtualAuthenticators: true}
Session ID: 16d92c72b96edf69e33bd8d9c17c883a]]>
            </message>
            <full-stacktrace>
              <![CDATA[org.openqa.selenium.NoSuchSessionException: invalid session id: session deleted as the browser has closed the connection
from disconnected: not connected to DevTools
  (Session info: MicrosoftEdge=133.0.3065.82)
Build info: version: '4.23.1', revision: '656257d8e9'
System info: os.name: 'Windows 10', os.arch: 'amd64', os.version: '10.0', java.version: '11.0.24'
Driver info: org.openqa.selenium.edge.EdgeDriver
Command: [16d92c72b96edf69e33bd8d9c17c883a, findElement {using=xpath, value=//button[@id='react-burger-menu-btn']}]
Capabilities {acceptInsecureCerts: false, browserName: MicrosoftEdge, browserVersion: 133.0.3065.82, fedcm:accounts: true, ms:edgeOptions: {debuggerAddress: localhost:51946}, msedge: {msedgedriverVersion: 133.0.3065.82 (e8aeaf3e0117..., userDataDir: C:\Users\User\AppData\Local...}, networkConnectionEnabled: false, pageLoadStrategy: normal, platformName: windows, proxy: Proxy(), se:cdp: ws://localhost:51946/devtoo..., se:cdpVersion: 133.0.3065.82, setWindowRect: true, strictFileInteractability: false, timeouts: {implicit: 0, pageLoad: 300000, script: 30000}, unhandledPromptBehavior: dismiss and notify, webauthn:extension:credBlob: true, webauthn:extension:largeBlob: true, webauthn:extension:minPinLength: true, webauthn:extension:prf: true, webauthn:virtualAuthenticators: true}
Session ID: 16d92c72b96edf69e33bd8d9c17c883a
at java.base/jdk.internal.reflect.NativeConstructorAccessorImpl.newInstance0(Native Method)
at java.base/jdk.internal.reflect.NativeConstructorAccessorImpl.newInstance(NativeConstructorAccessorImpl.java:62)
at java.base/jdk.internal.reflect.DelegatingConstructorAccessorImpl.newInstance(DelegatingConstructorAccessorImpl.java:45)
at java.base/java.lang.reflect.Constructor.newInstance(Constructor.java:490)
at org.openqa.selenium.remote.ErrorCodec.decode(ErrorCodec.java:167)
at org.openqa.selenium.remote.codec.w3c.W3CHttpResponseCodec.decode(W3CHttpResponseCodec.java:138)
at org.openqa.selenium.remote.codec.w3c.W3CHttpResponseCodec.decode(W3CHttpResponseCodec.java:50)
at org.openqa.selenium.remote.HttpCommandExecutor.execute(HttpCommandExecutor.java:190)
at org.openqa.selenium.remote.service.DriverCommandExecutor.invokeExecute(DriverCommandExecutor.java:216)
at org.openqa.selenium.remote.service.DriverCommandExecutor.execute(DriverCommandExecutor.java:174)
at org.openqa.selenium.remote.RemoteWebDriver.execute(RemoteWebDriver.java:545)
at org.openqa.selenium.remote.ElementLocation$ElementFinder$2.findElement(ElementLocation.java:165)
at org.openqa.selenium.remote.ElementLocation.findElement(ElementLocation.java:59)
at org.openqa.selenium.remote.RemoteWebDriver.findElement(RemoteWebDriver.java:368)
at org.openqa.selenium.remote.RemoteWebDriver.findElement(RemoteWebDriver.java:362)
at org.openqa.selenium.support.pagefactory.DefaultElementLocator.findElement(DefaultElementLocator.java:68)
at org.openqa.selenium.support.pagefactory.internal.LocatingElementHandler.invoke(LocatingElementHandler.java:38)
at com.sun.proxy.$Proxy12.click(Unknown Source)
at com.sauceedemo.qa.PageObjects.HomePage.clickBtnMenu(HomePage.java:88)
at com.sausedemo.qa.TestCases.Homepage_Products_Test.validateMenu(Homepage_Products_Test.java:18)
at java.base/jdk.internal.reflect.NativeMethodAccessorImpl.invoke0(Native Method)
at java.base/jdk.internal.reflect.NativeMethodAccessorImpl.invoke(NativeMethodAccessorImpl.java:62)
at java.base/jdk.internal.reflect.DelegatingMethodAccessorImpl.invoke(DelegatingMethodAccessorImpl.java:43)
at java.base/java.lang.reflect.Method.invoke(Method.java:566)
at org.testng.internal.invokers.MethodInvocationHelper.invokeMethod(MethodInvocationHelper.java:141)
at org.testng.internal.invokers.TestInvoker.invokeMethod(TestInvoker.java:686)
at org.testng.internal.invokers.TestInvoker.invokeTestMethod(TestInvoker.java:230)
at org.testng.internal.invokers.MethodRunner.runInSequence(MethodRunner.java:63)
at org.testng.internal.invokers.TestInvoker$MethodInvocationAgent.invoke(TestInvoker.java:992)
at org.testng.internal.invokers.TestInvoker.invokeTestMethods(TestInvoker.java:203)
at org.testng.internal.invokers.TestMethodWorker.invokeTestMethods(TestMethodWorker.java:154)
at org.testng.internal.invokers.TestMethodWorker.run(TestMethodWorker.java:134)
at java.base/java.util.ArrayList.forEach(ArrayList.java:1541)
at org.testng.TestRunner.privateRun(TestRunner.java:739)
at org.testng.TestRunner.run(TestRunner.java:614)
at org.testng.SuiteRunner.runTest(SuiteRunner.java:421)
at org.testng.SuiteRunner$SuiteWorker.run(SuiteRunner.java:463)
at org.testng.internal.thread.ThreadUtil.lambda$execute$0(ThreadUtil.java:64)
at java.base/java.util.concurrent.FutureTask.run(FutureTask.java:264)
at java.base/java.util.concurrent.ThreadPoolExecutor.runWorker(ThreadPoolExecutor.java:1128)
at java.base/java.util.concurrent.ThreadPoolExecutor$Worker.run(ThreadPoolExecutor.java:628)
at java.base/java.lang.Thread.run(Thread.java:834)
]]>
            </full-stacktrace>
          </exception> <!-- org.openqa.selenium.NoSuchSessionException -->
          <reporter-output>
          </reporter-output>
        </test-method> <!-- validateMenu -->
        <test-method signature="ValidateNorOfproducts()[pri:2, instance:com.sausedemo.qa.TestCases.Homepage_Products_Test@7526515b]" started-at="2025-02-27T14:55:21 IST" name="ValidateNorOfproducts" finished-at="2025-02-27T14:55:25 IST" duration-ms="3710" status="FAIL">
          <exception class="org.openqa.selenium.NoSuchSessionException">
            <message>
              <![CDATA[invalid session id
Build info: version: '4.23.1', revision: '656257d8e9'
System info: os.name: 'Windows 10', os.arch: 'amd64', os.version: '10.0', java.version: '11.0.24'
Driver info: org.openqa.selenium.edge.EdgeDriver
Command: [16d92c72b96edf69e33bd8d9c17c883a, findElements {using=xpath, value=//div[@class='inventory_list']//div[@class='inventory_item']}]
Capabilities {acceptInsecureCerts: false, browserName: MicrosoftEdge, browserVersion: 133.0.3065.82, fedcm:accounts: true, ms:edgeOptions: {debuggerAddress: localhost:51946}, msedge: {msedgedriverVersion: 133.0.3065.82 (e8aeaf3e0117..., userDataDir: C:\Users\User\AppData\Local...}, networkConnectionEnabled: false, pageLoadStrategy: normal, platformName: windows, proxy: Proxy(), se:cdp: ws://localhost:51946/devtoo..., se:cdpVersion: 133.0.3065.82, setWindowRect: true, strictFileInteractability: false, timeouts: {implicit: 0, pageLoad: 300000, script: 30000}, unhandledPromptBehavior: dismiss and notify, webauthn:extension:credBlob: true, webauthn:extension:largeBlob: true, webauthn:extension:minPinLength: true, webauthn:extension:prf: true, webauthn:virtualAuthenticators: true}
Session ID: 16d92c72b96edf69e33bd8d9c17c883a]]>
            </message>
            <full-stacktrace>
              <![CDATA[org.openqa.selenium.NoSuchSessionException: invalid session id
Build info: version: '4.23.1', revision: '656257d8e9'
System info: os.name: 'Windows 10', os.arch: 'amd64', os.version: '10.0', java.version: '11.0.24'
Driver info: org.openqa.selenium.edge.EdgeDriver
Command: [16d92c72b96edf69e33bd8d9c17c883a, findElements {using=xpath, value=//div[@class='inventory_list']//div[@class='inventory_item']}]
Capabilities {acceptInsecureCerts: false, browserName: MicrosoftEdge, browserVersion: 133.0.3065.82, fedcm:accounts: true, ms:edgeOptions: {debuggerAddress: localhost:51946}, msedge: {msedgedriverVersion: 133.0.3065.82 (e8aeaf3e0117..., userDataDir: C:\Users\User\AppData\Local...}, networkConnectionEnabled: false, pageLoadStrategy: normal, platformName: windows, proxy: Proxy(), se:cdp: ws://localhost:51946/devtoo..., se:cdpVersion: 133.0.3065.82, setWindowRect: true, strictFileInteractability: false, timeouts: {implicit: 0, pageLoad: 300000, script: 30000}, unhandledPromptBehavior: dismiss and notify, webauthn:extension:credBlob: true, webauthn:extension:largeBlob: true, webauthn:extension:minPinLength: true, webauthn:extension:prf: true, webauthn:virtualAuthenticators: true}
Session ID: 16d92c72b96edf69e33bd8d9c17c883a
at java.base/jdk.internal.reflect.NativeConstructorAccessorImpl.newInstance0(Native Method)
at java.base/jdk.internal.reflect.NativeConstructorAccessorImpl.newInstance(NativeConstructorAccessorImpl.java:62)
at java.base/jdk.internal.reflect.DelegatingConstructorAccessorImpl.newInstance(DelegatingConstructorAccessorImpl.java:45)
at java.base/java.lang.reflect.Constructor.newInstance(Constructor.java:490)
at org.openqa.selenium.remote.ErrorCodec.decode(ErrorCodec.java:167)
at org.openqa.selenium.remote.codec.w3c.W3CHttpResponseCodec.decode(W3CHttpResponseCodec.java:138)
at org.openqa.selenium.remote.codec.w3c.W3CHttpResponseCodec.decode(W3CHttpResponseCodec.java:50)
at org.openqa.selenium.remote.HttpCommandExecutor.execute(HttpCommandExecutor.java:190)
at org.openqa.selenium.remote.service.DriverCommandExecutor.invokeExecute(DriverCommandExecutor.java:216)
at org.openqa.selenium.remote.service.DriverCommandExecutor.execute(DriverCommandExecutor.java:174)
at org.openqa.selenium.remote.RemoteWebDriver.execute(RemoteWebDriver.java:545)
at org.openqa.selenium.remote.ElementLocation$ElementFinder$2.findElements(ElementLocation.java:182)
at org.openqa.selenium.remote.ElementLocation.findElements(ElementLocation.java:103)
at org.openqa.selenium.remote.RemoteWebDriver.findElements(RemoteWebDriver.java:381)
at org.openqa.selenium.remote.RemoteWebDriver.findElements(RemoteWebDriver.java:375)
at org.openqa.selenium.support.pagefactory.DefaultElementLocator.findElements(DefaultElementLocator.java:83)
at org.openqa.selenium.support.pagefactory.internal.LocatingElementListHandler.invoke(LocatingElementListHandler.java:36)
at com.sun.proxy.$Proxy13.size(Unknown Source)
at com.sauceedemo.qa.PageObjects.HomePage.norOFproducts(HomePage.java:100)
at com.sausedemo.qa.TestCases.Homepage_Products_Test.ValidateNorOfproducts(Homepage_Products_Test.java:26)
at java.base/jdk.internal.reflect.NativeMethodAccessorImpl.invoke0(Native Method)
at java.base/jdk.internal.reflect.NativeMethodAccessorImpl.invoke(NativeMethodAccessorImpl.java:62)
at java.base/jdk.internal.reflect.DelegatingMethodAccessorImpl.invoke(DelegatingMethodAccessorImpl.java:43)
at java.base/java.lang.reflect.Method.invoke(Method.java:566)
at org.testng.internal.invokers.MethodInvocationHelper.invokeMethod(MethodInvocationHelper.java:141)
at org.testng.internal.invokers.TestInvoker.invokeMethod(TestInvoker.java:686)
at org.testng.internal.invokers.TestInvoker.invokeTestMethod(TestInvoker.java:230)
at org.testng.internal.invokers.MethodRunner.runInSequence(MethodRunner.java:63)
at org.testng.internal.invokers.TestInvoker$MethodInvocationAgent.invoke(TestInvoker.java:992)
at org.testng.internal.invokers.TestInvoker.invokeTestMethods(TestInvoker.java:203)
at org.testng.internal.invokers.TestMethodWorker.invokeTestMethods(TestMethodWorker.java:154)
at org.testng.internal.invokers.TestMethodWorker.run(TestMethodWorker.java:134)
at java.base/java.util.ArrayList.forEach(ArrayList.java:1541)
at org.testng.TestRunner.privateRun(TestRunner.java:739)
at org.testng.TestRunner.run(TestRunner.java:614)
at org.testng.SuiteRunner.runTest(SuiteRunner.java:421)
at org.testng.SuiteRunner$SuiteWorker.run(SuiteRunner.java:463)
at org.testng.internal.thread.ThreadUtil.lambda$execute$0(ThreadUtil.java:64)
at java.base/java.util.concurrent.FutureTask.run(FutureTask.java:264)
at java.base/java.util.concurrent.ThreadPoolExecutor.runWorker(ThreadPoolExecutor.java:1128)
at java.base/java.util.concurrent.ThreadPoolExecutor$Worker.run(ThreadPoolExecutor.java:628)
at java.base/java.lang.Thread.run(Thread.java:834)
]]>
            </full-stacktrace>
          </exception> <!-- org.openqa.selenium.NoSuchSessionException -->
          <reporter-output>
          </reporter-output>
        </test-method> <!-- ValidateNorOfproducts -->
        <test-method signature="ValidateAddCart()[pri:3, instance:com.sausedemo.qa.TestCases.Homepage_Products_Test@7526515b]" started-at="2025-02-27T14:55:25 IST" name="ValidateAddCart" finished-at="2025-02-27T14:55:25 IST" duration-ms="5" status="FAIL">
          <exception class="org.openqa.selenium.NoSuchSessionException">
            <message>
              <![CDATA[invalid session id
Build info: version: '4.23.1', revision: '656257d8e9'
System info: os.name: 'Windows 10', os.arch: 'amd64', os.version: '10.0', java.version: '11.0.24'
Driver info: org.openqa.selenium.edge.EdgeDriver
Command: [16d92c72b96edf69e33bd8d9c17c883a, findElements {using=xpath, value=//div[@class='inventory_list']//div[@class='inventory_item']//button}]
Capabilities {acceptInsecureCerts: false, browserName: MicrosoftEdge, browserVersion: 133.0.3065.82, fedcm:accounts: true, ms:edgeOptions: {debuggerAddress: localhost:51946}, msedge: {msedgedriverVersion: 133.0.3065.82 (e8aeaf3e0117..., userDataDir: C:\Users\User\AppData\Local...}, networkConnectionEnabled: false, pageLoadStrategy: normal, platformName: windows, proxy: Proxy(), se:cdp: ws://localhost:51946/devtoo..., se:cdpVersion: 133.0.3065.82, setWindowRect: true, strictFileInteractability: false, timeouts: {implicit: 0, pageLoad: 300000, script: 30000}, unhandledPromptBehavior: dismiss and notify, webauthn:extension:credBlob: true, webauthn:extension:largeBlob: true, webauthn:extension:minPinLength: true, webauthn:extension:prf: true, webauthn:virtualAuthenticators: true}
Session ID: 16d92c72b96edf69e33bd8d9c17c883a]]>
            </message>
            <full-stacktrace>
              <![CDATA[org.openqa.selenium.NoSuchSessionException: invalid session id
Build info: version: '4.23.1', revision: '656257d8e9'
System info: os.name: 'Windows 10', os.arch: 'amd64', os.version: '10.0', java.version: '11.0.24'
Driver info: org.openqa.selenium.edge.EdgeDriver
Command: [16d92c72b96edf69e33bd8d9c17c883a, findElements {using=xpath, value=//div[@class='inventory_list']//div[@class='inventory_item']//button}]
Capabilities {acceptInsecureCerts: false, browserName: MicrosoftEdge, browserVersion: 133.0.3065.82, fedcm:accounts: true, ms:edgeOptions: {debuggerAddress: localhost:51946}, msedge: {msedgedriverVersion: 133.0.3065.82 (e8aeaf3e0117..., userDataDir: C:\Users\User\AppData\Local...}, networkConnectionEnabled: false, pageLoadStrategy: normal, platformName: windows, proxy: Proxy(), se:cdp: ws://localhost:51946/devtoo..., se:cdpVersion: 133.0.3065.82, setWindowRect: true, strictFileInteractability: false, timeouts: {implicit: 0, pageLoad: 300000, script: 30000}, unhandledPromptBehavior: dismiss and notify, webauthn:extension:credBlob: true, webauthn:extension:largeBlob: true, webauthn:extension:minPinLength: true, webauthn:extension:prf: true, webauthn:virtualAuthenticators: true}
Session ID: 16d92c72b96edf69e33bd8d9c17c883a
at java.base/jdk.internal.reflect.NativeConstructorAccessorImpl.newInstance0(Native Method)
at java.base/jdk.internal.reflect.NativeConstructorAccessorImpl.newInstance(NativeConstructorAccessorImpl.java:62)
at java.base/jdk.internal.reflect.DelegatingConstructorAccessorImpl.newInstance(DelegatingConstructorAccessorImpl.java:45)
at java.base/java.lang.reflect.Constructor.newInstance(Constructor.java:490)
at org.openqa.selenium.remote.ErrorCodec.decode(ErrorCodec.java:167)
at org.openqa.selenium.remote.codec.w3c.W3CHttpResponseCodec.decode(W3CHttpResponseCodec.java:138)
at org.openqa.selenium.remote.codec.w3c.W3CHttpResponseCodec.decode(W3CHttpResponseCodec.java:50)
at org.openqa.selenium.remote.HttpCommandExecutor.execute(HttpCommandExecutor.java:190)
at org.openqa.selenium.remote.service.DriverCommandExecutor.invokeExecute(DriverCommandExecutor.java:216)
at org.openqa.selenium.remote.service.DriverCommandExecutor.execute(DriverCommandExecutor.java:174)
at org.openqa.selenium.remote.RemoteWebDriver.execute(RemoteWebDriver.java:545)
at org.openqa.selenium.remote.ElementLocation$ElementFinder$2.findElements(ElementLocation.java:182)
at org.openqa.selenium.remote.ElementLocation.findElements(ElementLocation.java:103)
at org.openqa.selenium.remote.RemoteWebDriver.findElements(RemoteWebDriver.java:381)
at org.openqa.selenium.remote.RemoteWebDriver.findElements(RemoteWebDriver.java:375)
at org.openqa.selenium.support.pagefactory.DefaultElementLocator.findElements(DefaultElementLocator.java:83)
at org.openqa.selenium.support.pagefactory.internal.LocatingElementListHandler.invoke(LocatingElementListHandler.java:36)
at com.sun.proxy.$Proxy13.size(Unknown Source)
at com.sauceedemo.qa.PageObjects.HomePage.clickAddCartGroup(HomePage.java:107)
at com.sausedemo.qa.TestCases.Homepage_Products_Test.ValidateAddCart(Homepage_Products_Test.java:33)
at java.base/jdk.internal.reflect.NativeMethodAccessorImpl.invoke0(Native Method)
at java.base/jdk.internal.reflect.NativeMethodAccessorImpl.invoke(NativeMethodAccessorImpl.java:62)
at java.base/jdk.internal.reflect.DelegatingMethodAccessorImpl.invoke(DelegatingMethodAccessorImpl.java:43)
at java.base/java.lang.reflect.Method.invoke(Method.java:566)
at org.testng.internal.invokers.MethodInvocationHelper.invokeMethod(MethodInvocationHelper.java:141)
at org.testng.internal.invokers.TestInvoker.invokeMethod(TestInvoker.java:686)
at org.testng.internal.invokers.TestInvoker.invokeTestMethod(TestInvoker.java:230)
at org.testng.internal.invokers.MethodRunner.runInSequence(MethodRunner.java:63)
at org.testng.internal.invokers.TestInvoker$MethodInvocationAgent.invoke(TestInvoker.java:992)
at org.testng.internal.invokers.TestInvoker.invokeTestMethods(TestInvoker.java:203)
at org.testng.internal.invokers.TestMethodWorker.invokeTestMethods(TestMethodWorker.java:154)
at org.testng.internal.invokers.TestMethodWorker.run(TestMethodWorker.java:134)
at java.base/java.util.ArrayList.forEach(ArrayList.java:1541)
at org.testng.TestRunner.privateRun(TestRunner.java:739)
at org.testng.TestRunner.run(TestRunner.java:614)
at org.testng.SuiteRunner.runTest(SuiteRunner.java:421)
at org.testng.SuiteRunner$SuiteWorker.run(SuiteRunner.java:463)
at org.testng.internal.thread.ThreadUtil.lambda$execute$0(ThreadUtil.java:64)
at java.base/java.util.concurrent.FutureTask.run(FutureTask.java:264)
at java.base/java.util.concurrent.ThreadPoolExecutor.runWorker(ThreadPoolExecutor.java:1128)
at java.base/java.util.concurrent.ThreadPoolExecutor$Worker.run(ThreadPoolExecutor.java:628)
at java.base/java.lang.Thread.run(Thread.java:834)
]]>
            </full-stacktrace>
          </exception> <!-- org.openqa.selenium.NoSuchSessionException -->
          <reporter-output>
          </reporter-output>
        </test-method> <!-- ValidateAddCart -->
        <test-method is-config="true" signature="tearDown()[pri:0, instance:com.sausedemo.qa.TestCases.Homepage_Products_Test@7526515b]" started-at="2025-02-27T14:55:25 IST" name="tearDown" finished-at="2025-02-27T14:55:27 IST" duration-ms="2003" status="FAIL">
          <exception class="org.openqa.selenium.NoSuchSessionException">
            <message>
              <![CDATA[invalid session id
Build info: version: '4.23.1', revision: '656257d8e9'
System info: os.name: 'Windows 10', os.arch: 'amd64', os.version: '10.0', java.version: '11.0.24'
Driver info: org.openqa.selenium.edge.EdgeDriver
Command: [16d92c72b96edf69e33bd8d9c17c883a, close {}]
Capabilities {acceptInsecureCerts: false, browserName: MicrosoftEdge, browserVersion: 133.0.3065.82, fedcm:accounts: true, ms:edgeOptions: {debuggerAddress: localhost:51946}, msedge: {msedgedriverVersion: 133.0.3065.82 (e8aeaf3e0117..., userDataDir: C:\Users\User\AppData\Local...}, networkConnectionEnabled: false, pageLoadStrategy: normal, platformName: windows, proxy: Proxy(), se:cdp: ws://localhost:51946/devtoo..., se:cdpVersion: 133.0.3065.82, setWindowRect: true, strictFileInteractability: false, timeouts: {implicit: 0, pageLoad: 300000, script: 30000}, unhandledPromptBehavior: dismiss and notify, webauthn:extension:credBlob: true, webauthn:extension:largeBlob: true, webauthn:extension:minPinLength: true, webauthn:extension:prf: true, webauthn:virtualAuthenticators: true}
Session ID: 16d92c72b96edf69e33bd8d9c17c883a]]>
            </message>
            <full-stacktrace>
              <![CDATA[org.openqa.selenium.NoSuchSessionException: invalid session id
Build info: version: '4.23.1', revision: '656257d8e9'
System info: os.name: 'Windows 10', os.arch: 'amd64', os.version: '10.0', java.version: '11.0.24'
Driver info: org.openqa.selenium.edge.EdgeDriver
Command: [16d92c72b96edf69e33bd8d9c17c883a, close {}]
Capabilities {acceptInsecureCerts: false, browserName: MicrosoftEdge, browserVersion: 133.0.3065.82, fedcm:accounts: true, ms:edgeOptions: {debuggerAddress: localhost:51946}, msedge: {msedgedriverVersion: 133.0.3065.82 (e8aeaf3e0117..., userDataDir: C:\Users\User\AppData\Local...}, networkConnectionEnabled: false, pageLoadStrategy: normal, platformName: windows, proxy: Proxy(), se:cdp: ws://localhost:51946/devtoo..., se:cdpVersion: 133.0.3065.82, setWindowRect: true, strictFileInteractability: false, timeouts: {implicit: 0, pageLoad: 300000, script: 30000}, unhandledPromptBehavior: dismiss and notify, webauthn:extension:credBlob: true, webauthn:extension:largeBlob: true, webauthn:extension:minPinLength: true, webauthn:extension:prf: true, webauthn:virtualAuthenticators: true}
Session ID: 16d92c72b96edf69e33bd8d9c17c883a
at java.base/jdk.internal.reflect.NativeConstructorAccessorImpl.newInstance0(Native Method)
at java.base/jdk.internal.reflect.NativeConstructorAccessorImpl.newInstance(NativeConstructorAccessorImpl.java:62)
at java.base/jdk.internal.reflect.DelegatingConstructorAccessorImpl.newInstance(DelegatingConstructorAccessorImpl.java:45)
at java.base/java.lang.reflect.Constructor.newInstance(Constructor.java:490)
at org.openqa.selenium.remote.ErrorCodec.decode(ErrorCodec.java:167)
at org.openqa.selenium.remote.codec.w3c.W3CHttpResponseCodec.decode(W3CHttpResponseCodec.java:138)
at org.openqa.selenium.remote.codec.w3c.W3CHttpResponseCodec.decode(W3CHttpResponseCodec.java:50)
at org.openqa.selenium.remote.HttpCommandExecutor.execute(HttpCommandExecutor.java:190)
at org.openqa.selenium.remote.service.DriverCommandExecutor.invokeExecute(DriverCommandExecutor.java:216)
at org.openqa.selenium.remote.service.DriverCommandExecutor.execute(DriverCommandExecutor.java:174)
at org.openqa.selenium.remote.RemoteWebDriver.execute(RemoteWebDriver.java:545)
at org.openqa.selenium.remote.RemoteWebDriver.execute(RemoteWebDriver.java:618)
at org.openqa.selenium.remote.RemoteWebDriver.execute(RemoteWebDriver.java:622)
at org.openqa.selenium.remote.RemoteWebDriver.close(RemoteWebDriver.java:418)
at com.saucedemo.qa.TestBase.BaseClass.tearDown(BaseClass.java:95)
at java.base/jdk.internal.reflect.NativeMethodAccessorImpl.invoke0(Native Method)
at java.base/jdk.internal.reflect.NativeMethodAccessorImpl.invoke(NativeMethodAccessorImpl.java:62)
at java.base/jdk.internal.reflect.DelegatingMethodAccessorImpl.invoke(DelegatingMethodAccessorImpl.java:43)
at java.base/java.lang.reflect.Method.invoke(Method.java:566)
at org.testng.internal.invokers.MethodInvocationHelper.invokeMethod(MethodInvocationHelper.java:141)
at org.testng.internal.invokers.MethodInvocationHelper.invokeMethodConsideringTimeout(MethodInvocationHelper.java:71)
at org.testng.internal.invokers.ConfigInvoker.invokeConfigurationMethod(ConfigInvoker.java:400)
at org.testng.internal.invokers.ConfigInvoker.invokeConfigurations(ConfigInvoker.java:333)
at org.testng.internal.invokers.TestMethodWorker.invokeAfterClassConfigurations(TestMethodWorker.java:238)
at org.testng.internal.invokers.TestMethodWorker.invokeAfterClassMethods(TestMethodWorker.java:223)
at org.testng.internal.invokers.TestMethodWorker.run(TestMethodWorker.java:137)
at java.base/java.util.ArrayList.forEach(ArrayList.java:1541)
at org.testng.TestRunner.privateRun(TestRunner.java:739)
at org.testng.TestRunner.run(TestRunner.java:614)
at org.testng.SuiteRunner.runTest(SuiteRunner.java:421)
at org.testng.SuiteRunner$SuiteWorker.run(SuiteRunner.java:463)
at org.testng.internal.thread.ThreadUtil.lambda$execute$0(ThreadUtil.java:64)
at java.base/java.util.concurrent.FutureTask.run(FutureTask.java:264)
at java.base/java.util.concurrent.ThreadPoolExecutor.runWorker(ThreadPoolExecutor.java:1128)
at java.base/java.util.concurrent.ThreadPoolExecutor$Worker.run(ThreadPoolExecutor.java:628)
at java.base/java.lang.Thread.run(Thread.java:834)
]]>
            </full-stacktrace>
          </exception> <!-- org.openqa.selenium.NoSuchSessionException -->
          <reporter-output>
          </reporter-output>
        </test-method> <!-- tearDown -->
      </class> <!-- com.sausedemo.qa.TestCases.Homepage_Products_Test -->
    </test> <!-- EdgeTest -->
    <test started-at="2025-02-27T14:53:45 IST" name="ChromeTest" finished-at="2025-02-27T14:55:28 IST" duration-ms="103276">
      <class name="com.sausedemo.qa.TestCases.LoginDDT_Test">
        <test-method is-config="true" signature="SetUp(java.lang.String)[pri:0, instance:com.sausedemo.qa.TestCases.LoginDDT_Test@53aac487]" started-at="2025-02-27T14:53:45 IST" name="SetUp" finished-at="2025-02-27T14:53:53 IST" duration-ms="7626" status="PASS">
          <params>
            <param index="0">
              <value>
                <![CDATA[edge]]>
              </value>
            </param>
          </params>
          <reporter-output>
          </reporter-output>
        </test-method> <!-- SetUp -->
        <test-method signature="ValidateLogin(java.lang.String,java.lang.String)[pri:0, instance:com.sausedemo.qa.TestCases.LoginDDT_Test@53aac487]" started-at="2025-02-27T14:53:53 IST" name="ValidateLogin" data-provider="dp by Arry Object" finished-at="2025-02-27T14:54:05 IST" duration-ms="11887" status="PASS">
          <params>
            <param index="0">
              <value>
                <![CDATA[standard_user]]>
              </value>
            </param>
            <param index="1">
              <value>
                <![CDATA[secret_sauce]]>
              </value>
            </param>
          </params>
          <reporter-output>
          </reporter-output>
        </test-method> <!-- ValidateLogin -->
        <test-method signature="ValidateLogin(java.lang.String,java.lang.String)[pri:0, instance:com.sausedemo.qa.TestCases.LoginDDT_Test@53aac487]" started-at="2025-02-27T14:54:05 IST" name="ValidateLogin" data-provider="dp by Arry Object" finished-at="2025-02-27T14:54:17 IST" duration-ms="12658" status="PASS">
          <params>
            <param index="0">
              <value>
                <![CDATA[]]>
              </value>
            </param>
            <param index="1">
              <value>
                <![CDATA[]]>
              </value>
            </param>
          </params>
          <reporter-output>
          </reporter-output>
        </test-method> <!-- ValidateLogin -->
        <test-method signature="ValidateLogin(java.lang.String,java.lang.String)[pri:0, instance:com.sausedemo.qa.TestCases.LoginDDT_Test@53aac487]" started-at="2025-02-27T14:54:17 IST" name="ValidateLogin" data-provider="dp by Arry Object" finished-at="2025-02-27T14:54:30 IST" duration-ms="12679" status="PASS">
          <params>
            <param index="0">
              <value>
                <![CDATA[saadbvaebfb@rghh]]>
              </value>
            </param>
            <param index="1">
              <value>
                <![CDATA[]]>
              </value>
            </param>
          </params>
          <reporter-output>
          </reporter-output>
        </test-method> <!-- ValidateLogin -->
        <test-method signature="ValidateLogin(java.lang.String,java.lang.String)[pri:0, instance:com.sausedemo.qa.TestCases.LoginDDT_Test@53aac487]" started-at="2025-02-27T14:54:30 IST" name="ValidateLogin" data-provider="dp by Arry Object" finished-at="2025-02-27T14:54:43 IST" duration-ms="12517" status="PASS">
          <params>
            <param index="0">
              <value>
                <![CDATA[]]>
              </value>
            </param>
            <param index="1">
              <value>
                <![CDATA[secret_sauce]]>
              </value>
            </param>
          </params>
          <reporter-output>
          </reporter-output>
        </test-method> <!-- ValidateLogin -->
        <test-method signature="ValidateLogin(java.lang.String,java.lang.String)[pri:0, instance:com.sausedemo.qa.TestCases.LoginDDT_Test@53aac487]" started-at="2025-02-27T14:54:43 IST" name="ValidateLogin" data-provider="dp by Arry Object" finished-at="2025-02-27T14:54:51 IST" duration-ms="7947" status="PASS">
          <params>
            <param index="0">
              <value>
                <![CDATA[performance_glitch_user]]>
              </value>
            </param>
            <param index="1">
              <value>
                <![CDATA[secret_sauce]]>
              </value>
            </param>
          </params>
          <reporter-output>
          </reporter-output>
        </test-method> <!-- ValidateLogin -->
        <test-method is-config="true" signature="tearDown()[pri:0, instance:com.sausedemo.qa.TestCases.LoginDDT_Test@53aac487]" started-at="2025-02-27T14:54:51 IST" name="tearDown" finished-at="2025-02-27T14:54:53 IST" duration-ms="2102" status="PASS">
          <reporter-output>
          </reporter-output>
        </test-method> <!-- tearDown -->
      </class> <!-- com.sausedemo.qa.TestCases.LoginDDT_Test -->
      <class name="com.sausedemo.qa.TestCases.Login_Test">
        <test-method is-config="true" signature="SetUp(java.lang.String)[pri:0, instance:com.sausedemo.qa.TestCases.Login_Test@73e9cf30]" started-at="2025-02-27T14:54:53 IST" name="SetUp" finished-at="2025-02-27T14:54:58 IST" duration-ms="5014" status="PASS">
          <params>
            <param index="0">
              <value>
                <![CDATA[edge]]>
              </value>
            </param>
          </params>
          <reporter-output>
          </reporter-output>
        </test-method> <!-- SetUp -->
        <test-method signature="ValidateLogin()[pri:0, instance:com.sausedemo.qa.TestCases.Login_Test@73e9cf30]" started-at="2025-02-27T14:54:58 IST" name="ValidateLogin" finished-at="2025-02-27T14:55:03 IST" duration-ms="5771" status="FAIL">
          <exception class="java.lang.AssertionError">
            <message>
              <![CDATA[expected [true] but found [false]]]>
            </message>
            <full-stacktrace>
              <![CDATA[java.lang.AssertionError: expected [true] but found [false]
at org.testng.Assert.fail(Assert.java:111)
at org.testng.Assert.failNotEquals(Assert.java:1578)
at org.testng.Assert.assertTrue(Assert.java:57)
at org.testng.Assert.assertTrue(Assert.java:67)
at com.sausedemo.qa.TestCases.Login_Test.ValidateLogin(Login_Test.java:38)
at java.base/jdk.internal.reflect.NativeMethodAccessorImpl.invoke0(Native Method)
at java.base/jdk.internal.reflect.NativeMethodAccessorImpl.invoke(NativeMethodAccessorImpl.java:62)
at java.base/jdk.internal.reflect.DelegatingMethodAccessorImpl.invoke(DelegatingMethodAccessorImpl.java:43)
at java.base/java.lang.reflect.Method.invoke(Method.java:566)
at org.testng.internal.invokers.MethodInvocationHelper.invokeMethod(MethodInvocationHelper.java:141)
at org.testng.internal.invokers.TestInvoker.invokeMethod(TestInvoker.java:686)
at org.testng.internal.invokers.TestInvoker.invokeTestMethod(TestInvoker.java:230)
at org.testng.internal.invokers.MethodRunner.runInSequence(MethodRunner.java:63)
at org.testng.internal.invokers.TestInvoker$MethodInvocationAgent.invoke(TestInvoker.java:992)
at org.testng.internal.invokers.TestInvoker.invokeTestMethods(TestInvoker.java:203)
at org.testng.internal.invokers.TestMethodWorker.invokeTestMethods(TestMethodWorker.java:154)
at org.testng.internal.invokers.TestMethodWorker.run(TestMethodWorker.java:134)
at java.base/java.util.ArrayList.forEach(ArrayList.java:1541)
at org.testng.TestRunner.privateRun(TestRunner.java:739)
at org.testng.TestRunner.run(TestRunner.java:614)
at org.testng.SuiteRunner.runTest(SuiteRunner.java:421)
at org.testng.SuiteRunner$SuiteWorker.run(SuiteRunner.java:463)
at org.testng.internal.thread.ThreadUtil.lambda$execute$0(ThreadUtil.java:64)
at java.base/java.util.concurrent.FutureTask.run(FutureTask.java:264)
at java.base/java.util.concurrent.ThreadPoolExecutor.runWorker(ThreadPoolExecutor.java:1128)
at java.base/java.util.concurrent.ThreadPoolExecutor$Worker.run(ThreadPoolExecutor.java:628)
at java.base/java.lang.Thread.run(Thread.java:834)
]]>
            </full-stacktrace>
          </exception> <!-- java.lang.AssertionError -->
          <reporter-output>
          </reporter-output>
        </test-method> <!-- ValidateLogin -->
        <test-method is-config="true" signature="tearDown()[pri:0, instance:com.sausedemo.qa.TestCases.Login_Test@73e9cf30]" started-at="2025-02-27T14:55:03 IST" name="tearDown" finished-at="2025-02-27T14:55:06 IST" duration-ms="2156" status="PASS">
          <reporter-output>
          </reporter-output>
        </test-method> <!-- tearDown -->
      </class> <!-- com.sausedemo.qa.TestCases.Login_Test -->
      <class name="com.sausedemo.qa.TestCases.Homepage_Products_Test">
        <test-method is-config="true" signature="SetUp(java.lang.String)[pri:0, instance:com.sausedemo.qa.TestCases.Homepage_Products_Test@771a660]" started-at="2025-02-27T14:55:06 IST" name="SetUp" finished-at="2025-02-27T14:55:11 IST" duration-ms="5117" status="PASS">
          <params>
            <param index="0">
              <value>
                <![CDATA[edge]]>
              </value>
            </param>
          </params>
          <reporter-output>
          </reporter-output>
        </test-method> <!-- SetUp -->
        <test-method signature="validateMenu()[pri:1, instance:com.sausedemo.qa.TestCases.Homepage_Products_Test@771a660]" started-at="2025-02-27T14:55:11 IST" name="validateMenu" finished-at="2025-02-27T14:55:26 IST" duration-ms="15337" status="FAIL">
          <exception class="org.openqa.selenium.NoSuchSessionException">
            <message>
              <![CDATA[invalid session id: session deleted as the browser has closed the connection
from disconnected: not connected to DevTools
  (Session info: MicrosoftEdge=133.0.3065.82)
Build info: version: '4.23.1', revision: '656257d8e9'
System info: os.name: 'Windows 10', os.arch: 'amd64', os.version: '10.0', java.version: '11.0.24'
Driver info: org.openqa.selenium.edge.EdgeDriver
Command: [6bb59b29575e68c8de2f9ae1c0027b30, findElement {using=xpath, value=//button[@id='react-burger-cross-btn']}]
Capabilities {acceptInsecureCerts: false, browserName: MicrosoftEdge, browserVersion: 133.0.3065.82, fedcm:accounts: true, ms:edgeOptions: {debuggerAddress: localhost:51932}, msedge: {msedgedriverVersion: 133.0.3065.82 (e8aeaf3e0117..., userDataDir: C:\Users\User\AppData\Local...}, networkConnectionEnabled: false, pageLoadStrategy: normal, platformName: windows, proxy: Proxy(), se:cdp: ws://localhost:51932/devtoo..., se:cdpVersion: 133.0.3065.82, setWindowRect: true, strictFileInteractability: false, timeouts: {implicit: 0, pageLoad: 300000, script: 30000}, unhandledPromptBehavior: dismiss and notify, webauthn:extension:credBlob: true, webauthn:extension:largeBlob: true, webauthn:extension:minPinLength: true, webauthn:extension:prf: true, webauthn:virtualAuthenticators: true}
Session ID: 6bb59b29575e68c8de2f9ae1c0027b30]]>
            </message>
            <full-stacktrace>
              <![CDATA[org.openqa.selenium.NoSuchSessionException: invalid session id: session deleted as the browser has closed the connection
from disconnected: not connected to DevTools
  (Session info: MicrosoftEdge=133.0.3065.82)
Build info: version: '4.23.1', revision: '656257d8e9'
System info: os.name: 'Windows 10', os.arch: 'amd64', os.version: '10.0', java.version: '11.0.24'
Driver info: org.openqa.selenium.edge.EdgeDriver
Command: [6bb59b29575e68c8de2f9ae1c0027b30, findElement {using=xpath, value=//button[@id='react-burger-cross-btn']}]
Capabilities {acceptInsecureCerts: false, browserName: MicrosoftEdge, browserVersion: 133.0.3065.82, fedcm:accounts: true, ms:edgeOptions: {debuggerAddress: localhost:51932}, msedge: {msedgedriverVersion: 133.0.3065.82 (e8aeaf3e0117..., userDataDir: C:\Users\User\AppData\Local...}, networkConnectionEnabled: false, pageLoadStrategy: normal, platformName: windows, proxy: Proxy(), se:cdp: ws://localhost:51932/devtoo..., se:cdpVersion: 133.0.3065.82, setWindowRect: true, strictFileInteractability: false, timeouts: {implicit: 0, pageLoad: 300000, script: 30000}, unhandledPromptBehavior: dismiss and notify, webauthn:extension:credBlob: true, webauthn:extension:largeBlob: true, webauthn:extension:minPinLength: true, webauthn:extension:prf: true, webauthn:virtualAuthenticators: true}
Session ID: 6bb59b29575e68c8de2f9ae1c0027b30
at java.base/jdk.internal.reflect.NativeConstructorAccessorImpl.newInstance0(Native Method)
at java.base/jdk.internal.reflect.NativeConstructorAccessorImpl.newInstance(NativeConstructorAccessorImpl.java:62)
at java.base/jdk.internal.reflect.DelegatingConstructorAccessorImpl.newInstance(DelegatingConstructorAccessorImpl.java:45)
at java.base/java.lang.reflect.Constructor.newInstance(Constructor.java:490)
at org.openqa.selenium.remote.ErrorCodec.decode(ErrorCodec.java:167)
at org.openqa.selenium.remote.codec.w3c.W3CHttpResponseCodec.decode(W3CHttpResponseCodec.java:138)
at org.openqa.selenium.remote.codec.w3c.W3CHttpResponseCodec.decode(W3CHttpResponseCodec.java:50)
at org.openqa.selenium.remote.HttpCommandExecutor.execute(HttpCommandExecutor.java:190)
at org.openqa.selenium.remote.service.DriverCommandExecutor.invokeExecute(DriverCommandExecutor.java:216)
at org.openqa.selenium.remote.service.DriverCommandExecutor.execute(DriverCommandExecutor.java:174)
at org.openqa.selenium.remote.RemoteWebDriver.execute(RemoteWebDriver.java:545)
at org.openqa.selenium.remote.ElementLocation$ElementFinder$2.findElement(ElementLocation.java:165)
at org.openqa.selenium.remote.ElementLocation.findElement(ElementLocation.java:59)
at org.openqa.selenium.remote.RemoteWebDriver.findElement(RemoteWebDriver.java:368)
at org.openqa.selenium.remote.RemoteWebDriver.findElement(RemoteWebDriver.java:362)
at org.openqa.selenium.support.pagefactory.DefaultElementLocator.findElement(DefaultElementLocator.java:68)
at org.openqa.selenium.support.pagefactory.internal.LocatingElementHandler.invoke(LocatingElementHandler.java:38)
at com.sun.proxy.$Proxy12.click(Unknown Source)
at com.sauceedemo.qa.PageObjects.HomePage.clickBtnCroseMenu(HomePage.java:84)
at com.sausedemo.qa.TestCases.Homepage_Products_Test.validateMenu(Homepage_Products_Test.java:21)
at java.base/jdk.internal.reflect.NativeMethodAccessorImpl.invoke0(Native Method)
at java.base/jdk.internal.reflect.NativeMethodAccessorImpl.invoke(NativeMethodAccessorImpl.java:62)
at java.base/jdk.internal.reflect.DelegatingMethodAccessorImpl.invoke(DelegatingMethodAccessorImpl.java:43)
at java.base/java.lang.reflect.Method.invoke(Method.java:566)
at org.testng.internal.invokers.MethodInvocationHelper.invokeMethod(MethodInvocationHelper.java:141)
at org.testng.internal.invokers.TestInvoker.invokeMethod(TestInvoker.java:686)
at org.testng.internal.invokers.TestInvoker.invokeTestMethod(TestInvoker.java:230)
at org.testng.internal.invokers.MethodRunner.runInSequence(MethodRunner.java:63)
at org.testng.internal.invokers.TestInvoker$MethodInvocationAgent.invoke(TestInvoker.java:992)
at org.testng.internal.invokers.TestInvoker.invokeTestMethods(TestInvoker.java:203)
at org.testng.internal.invokers.TestMethodWorker.invokeTestMethods(TestMethodWorker.java:154)
at org.testng.internal.invokers.TestMethodWorker.run(TestMethodWorker.java:134)
at java.base/java.util.ArrayList.forEach(ArrayList.java:1541)
at org.testng.TestRunner.privateRun(TestRunner.java:739)
at org.testng.TestRunner.run(TestRunner.java:614)
at org.testng.SuiteRunner.runTest(SuiteRunner.java:421)
at org.testng.SuiteRunner$SuiteWorker.run(SuiteRunner.java:463)
at org.testng.internal.thread.ThreadUtil.lambda$execute$0(ThreadUtil.java:64)
at java.base/java.util.concurrent.FutureTask.run(FutureTask.java:264)
at java.base/java.util.concurrent.ThreadPoolExecutor.runWorker(ThreadPoolExecutor.java:1128)
at java.base/java.util.concurrent.ThreadPoolExecutor$Worker.run(ThreadPoolExecutor.java:628)
at java.base/java.lang.Thread.run(Thread.java:834)
]]>
            </full-stacktrace>
          </exception> <!-- org.openqa.selenium.NoSuchSessionException -->
          <reporter-output>
          </reporter-output>
        </test-method> <!-- validateMenu -->
        <test-method signature="ValidateNorOfproducts()[pri:2, instance:com.sausedemo.qa.TestCases.Homepage_Products_Test@771a660]" started-at="2025-02-27T14:55:26 IST" name="ValidateNorOfproducts" finished-at="2025-02-27T14:55:26 IST" duration-ms="120" status="FAIL">
          <exception class="org.openqa.selenium.NoSuchSessionException">
            <message>
              <![CDATA[invalid session id
Build info: version: '4.23.1', revision: '656257d8e9'
System info: os.name: 'Windows 10', os.arch: 'amd64', os.version: '10.0', java.version: '11.0.24'
Driver info: org.openqa.selenium.edge.EdgeDriver
Command: [6bb59b29575e68c8de2f9ae1c0027b30, findElements {using=xpath, value=//div[@class='inventory_list']//div[@class='inventory_item']}]
Capabilities {acceptInsecureCerts: false, browserName: MicrosoftEdge, browserVersion: 133.0.3065.82, fedcm:accounts: true, ms:edgeOptions: {debuggerAddress: localhost:51932}, msedge: {msedgedriverVersion: 133.0.3065.82 (e8aeaf3e0117..., userDataDir: C:\Users\User\AppData\Local...}, networkConnectionEnabled: false, pageLoadStrategy: normal, platformName: windows, proxy: Proxy(), se:cdp: ws://localhost:51932/devtoo..., se:cdpVersion: 133.0.3065.82, setWindowRect: true, strictFileInteractability: false, timeouts: {implicit: 0, pageLoad: 300000, script: 30000}, unhandledPromptBehavior: dismiss and notify, webauthn:extension:credBlob: true, webauthn:extension:largeBlob: true, webauthn:extension:minPinLength: true, webauthn:extension:prf: true, webauthn:virtualAuthenticators: true}
Session ID: 6bb59b29575e68c8de2f9ae1c0027b30]]>
            </message>
            <full-stacktrace>
              <![CDATA[org.openqa.selenium.NoSuchSessionException: invalid session id
Build info: version: '4.23.1', revision: '656257d8e9'
System info: os.name: 'Windows 10', os.arch: 'amd64', os.version: '10.0', java.version: '11.0.24'
Driver info: org.openqa.selenium.edge.EdgeDriver
Command: [6bb59b29575e68c8de2f9ae1c0027b30, findElements {using=xpath, value=//div[@class='inventory_list']//div[@class='inventory_item']}]
Capabilities {acceptInsecureCerts: false, browserName: MicrosoftEdge, browserVersion: 133.0.3065.82, fedcm:accounts: true, ms:edgeOptions: {debuggerAddress: localhost:51932}, msedge: {msedgedriverVersion: 133.0.3065.82 (e8aeaf3e0117..., userDataDir: C:\Users\User\AppData\Local...}, networkConnectionEnabled: false, pageLoadStrategy: normal, platformName: windows, proxy: Proxy(), se:cdp: ws://localhost:51932/devtoo..., se:cdpVersion: 133.0.3065.82, setWindowRect: true, strictFileInteractability: false, timeouts: {implicit: 0, pageLoad: 300000, script: 30000}, unhandledPromptBehavior: dismiss and notify, webauthn:extension:credBlob: true, webauthn:extension:largeBlob: true, webauthn:extension:minPinLength: true, webauthn:extension:prf: true, webauthn:virtualAuthenticators: true}
Session ID: 6bb59b29575e68c8de2f9ae1c0027b30
at java.base/jdk.internal.reflect.NativeConstructorAccessorImpl.newInstance0(Native Method)
at java.base/jdk.internal.reflect.NativeConstructorAccessorImpl.newInstance(NativeConstructorAccessorImpl.java:62)
at java.base/jdk.internal.reflect.DelegatingConstructorAccessorImpl.newInstance(DelegatingConstructorAccessorImpl.java:45)
at java.base/java.lang.reflect.Constructor.newInstance(Constructor.java:490)
at org.openqa.selenium.remote.ErrorCodec.decode(ErrorCodec.java:167)
at org.openqa.selenium.remote.codec.w3c.W3CHttpResponseCodec.decode(W3CHttpResponseCodec.java:138)
at org.openqa.selenium.remote.codec.w3c.W3CHttpResponseCodec.decode(W3CHttpResponseCodec.java:50)
at org.openqa.selenium.remote.HttpCommandExecutor.execute(HttpCommandExecutor.java:190)
at org.openqa.selenium.remote.service.DriverCommandExecutor.invokeExecute(DriverCommandExecutor.java:216)
at org.openqa.selenium.remote.service.DriverCommandExecutor.execute(DriverCommandExecutor.java:174)
at org.openqa.selenium.remote.RemoteWebDriver.execute(RemoteWebDriver.java:545)
at org.openqa.selenium.remote.ElementLocation$ElementFinder$2.findElements(ElementLocation.java:182)
at org.openqa.selenium.remote.ElementLocation.findElements(ElementLocation.java:103)
at org.openqa.selenium.remote.RemoteWebDriver.findElements(RemoteWebDriver.java:381)
at org.openqa.selenium.remote.RemoteWebDriver.findElements(RemoteWebDriver.java:375)
at org.openqa.selenium.support.pagefactory.DefaultElementLocator.findElements(DefaultElementLocator.java:83)
at org.openqa.selenium.support.pagefactory.internal.LocatingElementListHandler.invoke(LocatingElementListHandler.java:36)
at com.sun.proxy.$Proxy13.size(Unknown Source)
at com.sauceedemo.qa.PageObjects.HomePage.norOFproducts(HomePage.java:100)
at com.sausedemo.qa.TestCases.Homepage_Products_Test.ValidateNorOfproducts(Homepage_Products_Test.java:26)
at java.base/jdk.internal.reflect.NativeMethodAccessorImpl.invoke0(Native Method)
at java.base/jdk.internal.reflect.NativeMethodAccessorImpl.invoke(NativeMethodAccessorImpl.java:62)
at java.base/jdk.internal.reflect.DelegatingMethodAccessorImpl.invoke(DelegatingMethodAccessorImpl.java:43)
at java.base/java.lang.reflect.Method.invoke(Method.java:566)
at org.testng.internal.invokers.MethodInvocationHelper.invokeMethod(MethodInvocationHelper.java:141)
at org.testng.internal.invokers.TestInvoker.invokeMethod(TestInvoker.java:686)
at org.testng.internal.invokers.TestInvoker.invokeTestMethod(TestInvoker.java:230)
at org.testng.internal.invokers.MethodRunner.runInSequence(MethodRunner.java:63)
at org.testng.internal.invokers.TestInvoker$MethodInvocationAgent.invoke(TestInvoker.java:992)
at org.testng.internal.invokers.TestInvoker.invokeTestMethods(TestInvoker.java:203)
at org.testng.internal.invokers.TestMethodWorker.invokeTestMethods(TestMethodWorker.java:154)
at org.testng.internal.invokers.TestMethodWorker.run(TestMethodWorker.java:134)
at java.base/java.util.ArrayList.forEach(ArrayList.java:1541)
at org.testng.TestRunner.privateRun(TestRunner.java:739)
at org.testng.TestRunner.run(TestRunner.java:614)
at org.testng.SuiteRunner.runTest(SuiteRunner.java:421)
at org.testng.SuiteRunner$SuiteWorker.run(SuiteRunner.java:463)
at org.testng.internal.thread.ThreadUtil.lambda$execute$0(ThreadUtil.java:64)
at java.base/java.util.concurrent.FutureTask.run(FutureTask.java:264)
at java.base/java.util.concurrent.ThreadPoolExecutor.runWorker(ThreadPoolExecutor.java:1128)
at java.base/java.util.concurrent.ThreadPoolExecutor$Worker.run(ThreadPoolExecutor.java:628)
at java.base/java.lang.Thread.run(Thread.java:834)
]]>
            </full-stacktrace>
          </exception> <!-- org.openqa.selenium.NoSuchSessionException -->
          <reporter-output>
          </reporter-output>
        </test-method> <!-- ValidateNorOfproducts -->
        <test-method signature="ValidateAddCart()[pri:3, instance:com.sausedemo.qa.TestCases.Homepage_Products_Test@771a660]" started-at="2025-02-27T14:55:26 IST" name="ValidateAddCart" finished-at="2025-02-27T14:55:26 IST" duration-ms="5" status="FAIL">
          <exception class="org.openqa.selenium.NoSuchSessionException">
            <message>
              <![CDATA[invalid session id
Build info: version: '4.23.1', revision: '656257d8e9'
System info: os.name: 'Windows 10', os.arch: 'amd64', os.version: '10.0', java.version: '11.0.24'
Driver info: org.openqa.selenium.edge.EdgeDriver
Command: [6bb59b29575e68c8de2f9ae1c0027b30, findElements {using=xpath, value=//div[@class='inventory_list']//div[@class='inventory_item']//button}]
Capabilities {acceptInsecureCerts: false, browserName: MicrosoftEdge, browserVersion: 133.0.3065.82, fedcm:accounts: true, ms:edgeOptions: {debuggerAddress: localhost:51932}, msedge: {msedgedriverVersion: 133.0.3065.82 (e8aeaf3e0117..., userDataDir: C:\Users\User\AppData\Local...}, networkConnectionEnabled: false, pageLoadStrategy: normal, platformName: windows, proxy: Proxy(), se:cdp: ws://localhost:51932/devtoo..., se:cdpVersion: 133.0.3065.82, setWindowRect: true, strictFileInteractability: false, timeouts: {implicit: 0, pageLoad: 300000, script: 30000}, unhandledPromptBehavior: dismiss and notify, webauthn:extension:credBlob: true, webauthn:extension:largeBlob: true, webauthn:extension:minPinLength: true, webauthn:extension:prf: true, webauthn:virtualAuthenticators: true}
Session ID: 6bb59b29575e68c8de2f9ae1c0027b30]]>
            </message>
            <full-stacktrace>
              <![CDATA[org.openqa.selenium.NoSuchSessionException: invalid session id
Build info: version: '4.23.1', revision: '656257d8e9'
System info: os.name: 'Windows 10', os.arch: 'amd64', os.version: '10.0', java.version: '11.0.24'
Driver info: org.openqa.selenium.edge.EdgeDriver
Command: [6bb59b29575e68c8de2f9ae1c0027b30, findElements {using=xpath, value=//div[@class='inventory_list']//div[@class='inventory_item']//button}]
Capabilities {acceptInsecureCerts: false, browserName: MicrosoftEdge, browserVersion: 133.0.3065.82, fedcm:accounts: true, ms:edgeOptions: {debuggerAddress: localhost:51932}, msedge: {msedgedriverVersion: 133.0.3065.82 (e8aeaf3e0117..., userDataDir: C:\Users\User\AppData\Local...}, networkConnectionEnabled: false, pageLoadStrategy: normal, platformName: windows, proxy: Proxy(), se:cdp: ws://localhost:51932/devtoo..., se:cdpVersion: 133.0.3065.82, setWindowRect: true, strictFileInteractability: false, timeouts: {implicit: 0, pageLoad: 300000, script: 30000}, unhandledPromptBehavior: dismiss and notify, webauthn:extension:credBlob: true, webauthn:extension:largeBlob: true, webauthn:extension:minPinLength: true, webauthn:extension:prf: true, webauthn:virtualAuthenticators: true}
Session ID: 6bb59b29575e68c8de2f9ae1c0027b30
at java.base/jdk.internal.reflect.NativeConstructorAccessorImpl.newInstance0(Native Method)
at java.base/jdk.internal.reflect.NativeConstructorAccessorImpl.newInstance(NativeConstructorAccessorImpl.java:62)
at java.base/jdk.internal.reflect.DelegatingConstructorAccessorImpl.newInstance(DelegatingConstructorAccessorImpl.java:45)
at java.base/java.lang.reflect.Constructor.newInstance(Constructor.java:490)
at org.openqa.selenium.remote.ErrorCodec.decode(ErrorCodec.java:167)
at org.openqa.selenium.remote.codec.w3c.W3CHttpResponseCodec.decode(W3CHttpResponseCodec.java:138)
at org.openqa.selenium.remote.codec.w3c.W3CHttpResponseCodec.decode(W3CHttpResponseCodec.java:50)
at org.openqa.selenium.remote.HttpCommandExecutor.execute(HttpCommandExecutor.java:190)
at org.openqa.selenium.remote.service.DriverCommandExecutor.invokeExecute(DriverCommandExecutor.java:216)
at org.openqa.selenium.remote.service.DriverCommandExecutor.execute(DriverCommandExecutor.java:174)
at org.openqa.selenium.remote.RemoteWebDriver.execute(RemoteWebDriver.java:545)
at org.openqa.selenium.remote.ElementLocation$ElementFinder$2.findElements(ElementLocation.java:182)
at org.openqa.selenium.remote.ElementLocation.findElements(ElementLocation.java:103)
at org.openqa.selenium.remote.RemoteWebDriver.findElements(RemoteWebDriver.java:381)
at org.openqa.selenium.remote.RemoteWebDriver.findElements(RemoteWebDriver.java:375)
at org.openqa.selenium.support.pagefactory.DefaultElementLocator.findElements(DefaultElementLocator.java:83)
at org.openqa.selenium.support.pagefactory.internal.LocatingElementListHandler.invoke(LocatingElementListHandler.java:36)
at com.sun.proxy.$Proxy13.size(Unknown Source)
at com.sauceedemo.qa.PageObjects.HomePage.clickAddCartGroup(HomePage.java:107)
at com.sausedemo.qa.TestCases.Homepage_Products_Test.ValidateAddCart(Homepage_Products_Test.java:33)
at java.base/jdk.internal.reflect.NativeMethodAccessorImpl.invoke0(Native Method)
at java.base/jdk.internal.reflect.NativeMethodAccessorImpl.invoke(NativeMethodAccessorImpl.java:62)
at java.base/jdk.internal.reflect.DelegatingMethodAccessorImpl.invoke(DelegatingMethodAccessorImpl.java:43)
at java.base/java.lang.reflect.Method.invoke(Method.java:566)
at org.testng.internal.invokers.MethodInvocationHelper.invokeMethod(MethodInvocationHelper.java:141)
at org.testng.internal.invokers.TestInvoker.invokeMethod(TestInvoker.java:686)
at org.testng.internal.invokers.TestInvoker.invokeTestMethod(TestInvoker.java:230)
at org.testng.internal.invokers.MethodRunner.runInSequence(MethodRunner.java:63)
at org.testng.internal.invokers.TestInvoker$MethodInvocationAgent.invoke(TestInvoker.java:992)
at org.testng.internal.invokers.TestInvoker.invokeTestMethods(TestInvoker.java:203)
at org.testng.internal.invokers.TestMethodWorker.invokeTestMethods(TestMethodWorker.java:154)
at org.testng.internal.invokers.TestMethodWorker.run(TestMethodWorker.java:134)
at java.base/java.util.ArrayList.forEach(ArrayList.java:1541)
at org.testng.TestRunner.privateRun(TestRunner.java:739)
at org.testng.TestRunner.run(TestRunner.java:614)
at org.testng.SuiteRunner.runTest(SuiteRunner.java:421)
at org.testng.SuiteRunner$SuiteWorker.run(SuiteRunner.java:463)
at org.testng.internal.thread.ThreadUtil.lambda$execute$0(ThreadUtil.java:64)
at java.base/java.util.concurrent.FutureTask.run(FutureTask.java:264)
at java.base/java.util.concurrent.ThreadPoolExecutor.runWorker(ThreadPoolExecutor.java:1128)
at java.base/java.util.concurrent.ThreadPoolExecutor$Worker.run(ThreadPoolExecutor.java:628)
at java.base/java.lang.Thread.run(Thread.java:834)
]]>
            </full-stacktrace>
          </exception> <!-- org.openqa.selenium.NoSuchSessionException -->
          <reporter-output>
          </reporter-output>
        </test-method> <!-- ValidateAddCart -->
        <test-method is-config="true" signature="tearDown()[pri:0, instance:com.sausedemo.qa.TestCases.Homepage_Products_Test@771a660]" started-at="2025-02-27T14:55:26 IST" name="tearDown" finished-at="2025-02-27T14:55:28 IST" duration-ms="2016" status="FAIL">
          <exception class="org.openqa.selenium.NoSuchSessionException">
            <message>
              <![CDATA[invalid session id
Build info: version: '4.23.1', revision: '656257d8e9'
System info: os.name: 'Windows 10', os.arch: 'amd64', os.version: '10.0', java.version: '11.0.24'
Driver info: org.openqa.selenium.edge.EdgeDriver
Command: [6bb59b29575e68c8de2f9ae1c0027b30, close {}]
Capabilities {acceptInsecureCerts: false, browserName: MicrosoftEdge, browserVersion: 133.0.3065.82, fedcm:accounts: true, ms:edgeOptions: {debuggerAddress: localhost:51932}, msedge: {msedgedriverVersion: 133.0.3065.82 (e8aeaf3e0117..., userDataDir: C:\Users\User\AppData\Local...}, networkConnectionEnabled: false, pageLoadStrategy: normal, platformName: windows, proxy: Proxy(), se:cdp: ws://localhost:51932/devtoo..., se:cdpVersion: 133.0.3065.82, setWindowRect: true, strictFileInteractability: false, timeouts: {implicit: 0, pageLoad: 300000, script: 30000}, unhandledPromptBehavior: dismiss and notify, webauthn:extension:credBlob: true, webauthn:extension:largeBlob: true, webauthn:extension:minPinLength: true, webauthn:extension:prf: true, webauthn:virtualAuthenticators: true}
Session ID: 6bb59b29575e68c8de2f9ae1c0027b30]]>
            </message>
            <full-stacktrace>
              <![CDATA[org.openqa.selenium.NoSuchSessionException: invalid session id
Build info: version: '4.23.1', revision: '656257d8e9'
System info: os.name: 'Windows 10', os.arch: 'amd64', os.version: '10.0', java.version: '11.0.24'
Driver info: org.openqa.selenium.edge.EdgeDriver
Command: [6bb59b29575e68c8de2f9ae1c0027b30, close {}]
Capabilities {acceptInsecureCerts: false, browserName: MicrosoftEdge, browserVersion: 133.0.3065.82, fedcm:accounts: true, ms:edgeOptions: {debuggerAddress: localhost:51932}, msedge: {msedgedriverVersion: 133.0.3065.82 (e8aeaf3e0117..., userDataDir: C:\Users\User\AppData\Local...}, networkConnectionEnabled: false, pageLoadStrategy: normal, platformName: windows, proxy: Proxy(), se:cdp: ws://localhost:51932/devtoo..., se:cdpVersion: 133.0.3065.82, setWindowRect: true, strictFileInteractability: false, timeouts: {implicit: 0, pageLoad: 300000, script: 30000}, unhandledPromptBehavior: dismiss and notify, webauthn:extension:credBlob: true, webauthn:extension:largeBlob: true, webauthn:extension:minPinLength: true, webauthn:extension:prf: true, webauthn:virtualAuthenticators: true}
Session ID: 6bb59b29575e68c8de2f9ae1c0027b30
at java.base/jdk.internal.reflect.NativeConstructorAccessorImpl.newInstance0(Native Method)
at java.base/jdk.internal.reflect.NativeConstructorAccessorImpl.newInstance(NativeConstructorAccessorImpl.java:62)
at java.base/jdk.internal.reflect.DelegatingConstructorAccessorImpl.newInstance(DelegatingConstructorAccessorImpl.java:45)
at java.base/java.lang.reflect.Constructor.newInstance(Constructor.java:490)
at org.openqa.selenium.remote.ErrorCodec.decode(ErrorCodec.java:167)
at org.openqa.selenium.remote.codec.w3c.W3CHttpResponseCodec.decode(W3CHttpResponseCodec.java:138)
at org.openqa.selenium.remote.codec.w3c.W3CHttpResponseCodec.decode(W3CHttpResponseCodec.java:50)
at org.openqa.selenium.remote.HttpCommandExecutor.execute(HttpCommandExecutor.java:190)
at org.openqa.selenium.remote.service.DriverCommandExecutor.invokeExecute(DriverCommandExecutor.java:216)
at org.openqa.selenium.remote.service.DriverCommandExecutor.execute(DriverCommandExecutor.java:174)
at org.openqa.selenium.remote.RemoteWebDriver.execute(RemoteWebDriver.java:545)
at org.openqa.selenium.remote.RemoteWebDriver.execute(RemoteWebDriver.java:618)
at org.openqa.selenium.remote.RemoteWebDriver.execute(RemoteWebDriver.java:622)
at org.openqa.selenium.remote.RemoteWebDriver.close(RemoteWebDriver.java:418)
at com.saucedemo.qa.TestBase.BaseClass.tearDown(BaseClass.java:95)
at java.base/jdk.internal.reflect.NativeMethodAccessorImpl.invoke0(Native Method)
at java.base/jdk.internal.reflect.NativeMethodAccessorImpl.invoke(NativeMethodAccessorImpl.java:62)
at java.base/jdk.internal.reflect.DelegatingMethodAccessorImpl.invoke(DelegatingMethodAccessorImpl.java:43)
at java.base/java.lang.reflect.Method.invoke(Method.java:566)
at org.testng.internal.invokers.MethodInvocationHelper.invokeMethod(MethodInvocationHelper.java:141)
at org.testng.internal.invokers.MethodInvocationHelper.invokeMethodConsideringTimeout(MethodInvocationHelper.java:71)
at org.testng.internal.invokers.ConfigInvoker.invokeConfigurationMethod(ConfigInvoker.java:400)
at org.testng.internal.invokers.ConfigInvoker.invokeConfigurations(ConfigInvoker.java:333)
at org.testng.internal.invokers.TestMethodWorker.invokeAfterClassConfigurations(TestMethodWorker.java:238)
at org.testng.internal.invokers.TestMethodWorker.invokeAfterClassMethods(TestMethodWorker.java:223)
at org.testng.internal.invokers.TestMethodWorker.run(TestMethodWorker.java:137)
at java.base/java.util.ArrayList.forEach(ArrayList.java:1541)
at org.testng.TestRunner.privateRun(TestRunner.java:739)
at org.testng.TestRunner.run(TestRunner.java:614)
at org.testng.SuiteRunner.runTest(SuiteRunner.java:421)
at org.testng.SuiteRunner$SuiteWorker.run(SuiteRunner.java:463)
at org.testng.internal.thread.ThreadUtil.lambda$execute$0(ThreadUtil.java:64)
at java.base/java.util.concurrent.FutureTask.run(FutureTask.java:264)
at java.base/java.util.concurrent.ThreadPoolExecutor.runWorker(ThreadPoolExecutor.java:1128)
at java.base/java.util.concurrent.ThreadPoolExecutor$Worker.run(ThreadPoolExecutor.java:628)
at java.base/java.lang.Thread.run(Thread.java:834)
]]>
            </full-stacktrace>
          </exception> <!-- org.openqa.selenium.NoSuchSessionException -->
          <reporter-output>
          </reporter-output>
        </test-method> <!-- tearDown -->
      </class> <!-- com.sausedemo.qa.TestCases.Homepage_Products_Test -->
    </test> <!-- ChromeTest -->
    <test started-at="2025-02-27T14:53:45 IST" name="FirFoxTest" finished-at="2025-02-27T14:55:31 IST" duration-ms="106417">
      <class name="com.sausedemo.qa.TestCases.LoginDDT_Test">
        <test-method is-config="true" signature="SetUp(java.lang.String)[pri:0, instance:com.sausedemo.qa.TestCases.LoginDDT_Test@54c5a2ff]" started-at="2025-02-27T14:53:45 IST" name="SetUp" finished-at="2025-02-27T14:53:53 IST" duration-ms="7764" status="PASS">
          <params>
            <param index="0">
              <value>
                <![CDATA[edge]]>
              </value>
            </param>
          </params>
          <reporter-output>
          </reporter-output>
        </test-method> <!-- SetUp -->
        <test-method signature="ValidateLogin(java.lang.String,java.lang.String)[pri:0, instance:com.sausedemo.qa.TestCases.LoginDDT_Test@54c5a2ff]" started-at="2025-02-27T14:53:53 IST" name="ValidateLogin" data-provider="dp by Arry Object" finished-at="2025-02-27T14:54:05 IST" duration-ms="11887" status="PASS">
          <params>
            <param index="0">
              <value>
                <![CDATA[standard_user]]>
              </value>
            </param>
            <param index="1">
              <value>
                <![CDATA[secret_sauce]]>
              </value>
            </param>
          </params>
          <reporter-output>
          </reporter-output>
        </test-method> <!-- ValidateLogin -->
        <test-method signature="ValidateLogin(java.lang.String,java.lang.String)[pri:0, instance:com.sausedemo.qa.TestCases.LoginDDT_Test@54c5a2ff]" started-at="2025-02-27T14:54:05 IST" name="ValidateLogin" data-provider="dp by Arry Object" finished-at="2025-02-27T14:54:17 IST" duration-ms="12673" status="PASS">
          <params>
            <param index="0">
              <value>
                <![CDATA[]]>
              </value>
            </param>
            <param index="1">
              <value>
                <![CDATA[]]>
              </value>
            </param>
          </params>
          <reporter-output>
          </reporter-output>
        </test-method> <!-- ValidateLogin -->
        <test-method signature="ValidateLogin(java.lang.String,java.lang.String)[pri:0, instance:com.sausedemo.qa.TestCases.LoginDDT_Test@54c5a2ff]" started-at="2025-02-27T14:54:17 IST" name="ValidateLogin" data-provider="dp by Arry Object" finished-at="2025-02-27T14:54:30 IST" duration-ms="12696" status="PASS">
          <params>
            <param index="0">
              <value>
                <![CDATA[saadbvaebfb@rghh]]>
              </value>
            </param>
            <param index="1">
              <value>
                <![CDATA[]]>
              </value>
            </param>
          </params>
          <reporter-output>
          </reporter-output>
        </test-method> <!-- ValidateLogin -->
        <test-method signature="ValidateLogin(java.lang.String,java.lang.String)[pri:0, instance:com.sausedemo.qa.TestCases.LoginDDT_Test@54c5a2ff]" started-at="2025-02-27T14:54:30 IST" name="ValidateLogin" data-provider="dp by Arry Object" finished-at="2025-02-27T14:54:43 IST" duration-ms="12551" status="PASS">
          <params>
            <param index="0">
              <value>
                <![CDATA[]]>
              </value>
            </param>
            <param index="1">
              <value>
                <![CDATA[secret_sauce]]>
              </value>
            </param>
          </params>
          <reporter-output>
          </reporter-output>
        </test-method> <!-- ValidateLogin -->
        <test-method signature="ValidateLogin(java.lang.String,java.lang.String)[pri:0, instance:com.sausedemo.qa.TestCases.LoginDDT_Test@54c5a2ff]" started-at="2025-02-27T14:54:43 IST" name="ValidateLogin" data-provider="dp by Arry Object" finished-at="2025-02-27T14:54:51 IST" duration-ms="7976" status="PASS">
          <params>
            <param index="0">
              <value>
                <![CDATA[performance_glitch_user]]>
              </value>
            </param>
            <param index="1">
              <value>
                <![CDATA[secret_sauce]]>
              </value>
            </param>
          </params>
          <reporter-output>
          </reporter-output>
        </test-method> <!-- ValidateLogin -->
        <test-method is-config="true" signature="tearDown()[pri:0, instance:com.sausedemo.qa.TestCases.LoginDDT_Test@54c5a2ff]" started-at="2025-02-27T14:54:51 IST" name="tearDown" finished-at="2025-02-27T14:54:53 IST" duration-ms="2240" status="PASS">
          <reporter-output>
          </reporter-output>
        </test-method> <!-- tearDown -->
      </class> <!-- com.sausedemo.qa.TestCases.LoginDDT_Test -->
      <class name="com.sausedemo.qa.TestCases.Login_Test">
        <test-method is-config="true" signature="SetUp(java.lang.String)[pri:0, instance:com.sausedemo.qa.TestCases.Login_Test@6d4d66d2]" started-at="2025-02-27T14:54:53 IST" name="SetUp" finished-at="2025-02-27T14:54:59 IST" duration-ms="5768" status="PASS">
          <params>
            <param index="0">
              <value>
                <![CDATA[edge]]>
              </value>
            </param>
          </params>
          <reporter-output>
          </reporter-output>
        </test-method> <!-- SetUp -->
[...]
Session ID: 0a21dfef31f0ea9b82e831b399eeb271]]>
            </message>
            <full-stacktrace>
              <![CDATA[org.openqa.selenium.remote.UnreachableBrowserException: Error communicating with the remote browser. It may have died.
Build info: version: '4.23.1', revision: '656257d8e9'
System info: os.name: 'Windows 10', os.arch: 'amd64', os.version: '10.0', java.version: '11.0.24'
Driver info: org.openqa.selenium.edge.EdgeDriver
Command: [0a21dfef31f0ea9b82e831b399eeb271, findElements [using, value]]
Capabilities {acceptInsecureCerts: false, browserName: MicrosoftEdge, browserVersion: 133.0.3065.82, fedcm:accounts: true, ms:edgeOptions: {debuggerAddress: localhost:51965}, msedge: {msedgedriverVersion: 133.0.3065.82 (e8aeaf3e0117..., userDataDir: C:\Users\User\AppData\Local...}, networkConnectionEnabled: false, pageLoadStrategy: normal, platformName: windows, proxy: Proxy(), se:cdp: ws://localhost:51965/devtoo..., se:cdpVersion: 133.0.3065.82, setWindowRect: true, strictFileInteractability: false, timeouts: {implicit: 0, pageLoad: 300000, script: 30000}, unhandledPromptBehavior: dismiss and notify, webauthn:extension:credBlob: true, webauthn:extension:largeBlob: true, webauthn:extension:minPinLength: true, webauthn:extension:prf: true, webauthn:virtualAuthenticators: true}
Session ID: 0a21dfef31f0ea9b82e831b399eeb271
at org.openqa.selenium.remote.RemoteWebDriver.execute(RemoteWebDriver.java:572)
at org.openqa.selenium.remote.ElementLocation$ElementFinder$2.findElements(ElementLocation.java:182)
at org.openqa.selenium.remote.ElementLocation.findElements(ElementLocation.java:103)
at org.openqa.selenium.remote.RemoteWebDriver.findElements(RemoteWebDriver.java:381)
at org.openqa.selenium.remote.RemoteWebDriver.findElements(RemoteWebDriver.java:375)
at org.openqa.selenium.support.pagefactory.DefaultElementLocator.findElements(DefaultElementLocator.java:83)
at org.openqa.selenium.support.pagefactory.internal.LocatingElementListHandler.invoke(LocatingElementListHandler.java:36)
at com.sun.proxy.$Proxy13.size(Unknown Source)
at com.sauceedemo.qa.PageObjects.HomePage.norOFproducts(HomePage.java:100)
at com.sausedemo.qa.TestCases.Homepage_Products_Test.ValidateNorOfproducts(Homepage_Products_Test.java:26)
at java.base/jdk.internal.reflect.NativeMethodAccessorImpl.invoke0(Native Method)
at java.base/jdk.internal.reflect.NativeMethodAccessorImpl.invoke(NativeMethodAccessorImpl.java:62)
at java.base/jdk.internal.reflect.DelegatingMethodAccessorImpl.invoke(DelegatingMethodAccessorImpl.java:43)
at java.base/java.lang.reflect.Method.invoke(Method.java:566)
at org.testng.internal.invokers.MethodInvocationHelper.invokeMethod(MethodInvocationHelper.java:141)
at org.testng.internal.invokers.TestInvoker.invokeMethod(TestInvoker.java:686)
at org.testng.internal.invokers.TestInvoker.invokeTestMethod(TestInvoker.java:230)
at org.testng.internal.invokers.MethodRunner.runInSequence(MethodRunner.java:63)
at org.testng.internal.invokers.TestInvoker$MethodInvocationAgent.invoke(TestInvoker.java:992)
at org.testng.internal.invokers.TestInvoker.invokeTestMethods(TestInvoker.java:203)
at org.testng.internal.invokers.TestMethodWorker.invokeTestMethods(TestMethodWorker.java:154)
at org.testng.internal.invokers.TestMethodWorker.run(TestMethodWorker.java:134)
at java.base/java.util.ArrayList.forEach(ArrayList.java:1541)
at org.testng.TestRunner.privateRun(TestRunner.java:739)
at org.testng.TestRunner.run(TestRunner.java:614)
at org.testng.SuiteRunner.runTest(SuiteRunner.java:421)
at org.testng.SuiteRunner$SuiteWorker.run(SuiteRunner.java:463)
at org.testng.internal.thread.ThreadUtil.lambda$execute$0(ThreadUtil.java:64)
at java.base/java.util.concurrent.FutureTask.run(FutureTask.java:264)
at java.base/java.util.concurrent.ThreadPoolExecutor.runWorker(ThreadPoolExecutor.java:1128)
at java.base/java.util.concurrent.ThreadPoolExecutor$Worker.run(ThreadPoolExecutor.java:628)
at java.base/java.lang.Thread.run(Thread.java:834)
Caused by: java.io.UncheckedIOException: java.net.ConnectException: Connection refused: no further information
at org.openqa.selenium.remote.http.jdk.JdkHttpClient.execute0(JdkHttpClient.java:458)
at org.openqa.selenium.remote.http.AddSeleniumUserAgent.lambda$apply$0(AddSeleniumUserAgent.java:42)
at org.openqa.selenium.remote.http.Filter.lambda$andFinally$1(Filter.java:55)
at org.openqa.selenium.remote.http.jdk.JdkHttpClient.execute(JdkHttpClient.java:374)
at org.openqa.selenium.remote.HttpCommandExecutor.execute(HttpCommandExecutor.java:187)
at org.openqa.selenium.remote.service.DriverCommandExecutor.invokeExecute(DriverCommandExecutor.java:216)
at org.openqa.selenium.remote.service.DriverCommandExecutor.execute(DriverCommandExecutor.java:174)
at org.openqa.selenium.remote.RemoteWebDriver.execute(RemoteWebDriver.java:545)
... 31 more
Caused by: java.net.ConnectException: Connection refused: no further information
at java.base/sun.nio.ch.SocketChannelImpl.checkConnect(Native Method)
at java.base/sun.nio.ch.SocketChannelImpl.finishConnect(SocketChannelImpl.java:779)
at java.net.http/jdk.internal.net.http.PlainHttpConnection$ConnectEvent.handle(PlainHttpConnection.java:128)
at java.net.http/jdk.internal.net.http.HttpClientImpl$SelectorManager.handleEvent(HttpClientImpl.java:958)
at java.net.http/jdk.internal.net.http.HttpClientImpl$SelectorManager.lambda$run$3(HttpClientImpl.java:913)
at java.base/java.util.ArrayList.forEach(ArrayList.java:1541)
at java.net.http/jdk.internal.net.http.HttpClientImpl$SelectorManager.run(HttpClientImpl.java:913)
]]>
            </full-stacktrace>
          </exception> <!-- org.openqa.selenium.remote.UnreachableBrowserException -->
          <reporter-output>
          </reporter-output>
        </test-method> <!-- ValidateNorOfproducts -->
        <test-method signature="ValidateAddCart()[pri:3, instance:com.sausedemo.qa.TestCases.Homepage_Products_Test@2a265ea9]" started-at="2025-02-27T14:55:29 IST" name="ValidateAddCart" finished-at="2025-02-27T14:55:29 IST" duration-ms="4" status="FAIL">
          <exception class="org.openqa.selenium.remote.UnreachableBrowserException">
            <message>
              <![CDATA[Error communicating with the remote browser. It may have died.
Build info: version: '4.23.1', revision: '656257d8e9'
System info: os.name: 'Windows 10', os.arch: 'amd64', os.version: '10.0', java.version: '11.0.24'
Driver info: org.openqa.selenium.edge.EdgeDriver
Command: [0a21dfef31f0ea9b82e831b399eeb271, findElements [using, value]]
Capabilities {acceptInsecureCerts: false, browserName: MicrosoftEdge, browserVersion: 133.0.3065.82, fedcm:accounts: true, ms:edgeOptions: {debuggerAddress: localhost:51965}, msedge: {msedgedriverVersion: 133.0.3065.82 (e8aeaf3e0117..., userDataDir: C:\Users\User\AppData\Local...}, networkConnectionEnabled: false, pageLoadStrategy: normal, platformName: windows, proxy: Proxy(), se:cdp: ws://localhost:51965/devtoo..., se:cdpVersion: 133.0.3065.82, setWindowRect: true, strictFileInteractability: false, timeouts: {implicit: 0, pageLoad: 300000, script: 30000}, unhandledPromptBehavior: dismiss and notify, webauthn:extension:credBlob: true, webauthn:extension:largeBlob: true, webauthn:extension:minPinLength: true, webauthn:extension:prf: true, webauthn:virtualAuthenticators: true}
Session ID: 0a21dfef31f0ea9b82e831b399eeb271]]>
            </message>
            <full-stacktrace>
              <![CDATA[org.openqa.selenium.remote.UnreachableBrowserException: Error communicating with the remote browser. It may have died.
Build info: version: '4.23.1', revision: '656257d8e9'
System info: os.name: 'Windows 10', os.arch: 'amd64', os.version: '10.0', java.version: '11.0.24'
Driver info: org.openqa.selenium.edge.EdgeDriver
Command: [0a21dfef31f0ea9b82e831b399eeb271, findElements [using, value]]
Capabilities {acceptInsecureCerts: false, browserName: MicrosoftEdge, browserVersion: 133.0.3065.82, fedcm:accounts: true, ms:edgeOptions: {debuggerAddress: localhost:51965}, msedge: {msedgedriverVersion: 133.0.3065.82 (e8aeaf3e0117..., userDataDir: C:\Users\User\AppData\Local...}, networkConnectionEnabled: false, pageLoadStrategy: normal, platformName: windows, proxy: Proxy(), se:cdp: ws://localhost:51965/devtoo..., se:cdpVersion: 133.0.3065.82, setWindowRect: true, strictFileInteractability: false, timeouts: {implicit: 0, pageLoad: 300000, script: 30000}, unhandledPromptBehavior: dismiss and notify, webauthn:extension:credBlob: true, webauthn:extension:largeBlob: true, webauthn:extension:minPinLength: true, webauthn:extension:prf: true, webauthn:virtualAuthenticators: true}
Session ID: 0a21dfef31f0ea9b82e831b399eeb271
at org.openqa.selenium.remote.RemoteWebDriver.execute(RemoteWebDriver.java:572)
at org.openqa.selenium.remote.ElementLocation$ElementFinder$2.findElements(ElementLocation.java:182)
at org.openqa.selenium.remote.ElementLocation.findElements(ElementLocation.java:103)
at org.openqa.selenium.remote.RemoteWebDriver.findElements(RemoteWebDriver.java:381)
at org.openqa.selenium.remote.RemoteWebDriver.findElements(RemoteWebDriver.java:375)
at org.openqa.selenium.support.pagefactory.DefaultElementLocator.findElements(DefaultElementLocator.java:83)
at org.openqa.selenium.support.pagefactory.internal.LocatingElementListHandler.invoke(LocatingElementListHandler.java:36)
at com.sun.proxy.$Proxy13.size(Unknown Source)
at com.sauceedemo.qa.PageObjects.HomePage.clickAddCartGroup(HomePage.java:107)
at com.sausedemo.qa.TestCases.Homepage_Products_Test.ValidateAddCart(Homepage_Products_Test.java:33)
at java.base/jdk.internal.reflect.NativeMethodAccessorImpl.invoke0(Native Method)
at java.base/jdk.internal.reflect.NativeMethodAccessorImpl.invoke(NativeMethodAccessorImpl.java:62)
at java.base/jdk.internal.reflect.DelegatingMethodAccessorImpl.invoke(DelegatingMethodAccessorImpl.java:43)
at java.base/java.lang.reflect.Method.invoke(Method.java:566)
at org.testng.internal.invokers.MethodInvocationHelper.invokeMethod(MethodInvocationHelper.java:141)
at org.testng.internal.invokers.TestInvoker.invokeMethod(TestInvoker.java:686)
at org.testng.internal.invokers.TestInvoker.invokeTestMethod(TestInvoker.java:230)
at org.testng.internal.invokers.MethodRunner.runInSequence(MethodRunner.java:63)
at org.testng.internal.invokers.TestInvoker$MethodInvocationAgent.invoke(TestInvoker.java:992)
at org.testng.internal.invokers.TestInvoker.invokeTestMethods(TestInvoker.java:203)
at org.testng.internal.invokers.TestMethodWorker.invokeTestMethods(TestMethodWorker.java:154)
at org.testng.internal.invokers.TestMethodWorker.run(TestMethodWorker.java:134)
at java.base/java.util.ArrayList.forEach(ArrayList.java:1541)
at org.testng.TestRunner.privateRun(TestRunner.java:739)
at org.testng.TestRunner.run(TestRunner.java:614)
at org.testng.SuiteRunner.runTest(SuiteRunner.java:421)
at org.testng.SuiteRunner$SuiteWorker.run(SuiteRunner.java:463)
at org.testng.internal.thread.ThreadUtil.lambda$execute$0(ThreadUtil.java:64)
at java.base/java.util.concurrent.FutureTask.run(FutureTask.java:264)
at java.base/java.util.concurrent.ThreadPoolExecutor.runWorker(ThreadPoolExecutor.java:1128)
at java.base/java.util.concurrent.ThreadPoolExecutor$Worker.run(ThreadPoolExecutor.java:628)
at java.base/java.lang.Thread.run(Thread.java:834)
Caused by: java.io.UncheckedIOException: java.net.ConnectException: Connection refused: no further information
at org.openqa.selenium.remote.http.jdk.JdkHttpClient.execute0(JdkHttpClient.java:458)
at org.openqa.selenium.remote.http.AddSeleniumUserAgent.lambda$apply$0(AddSeleniumUserAgent.java:42)
at org.openqa.selenium.remote.http.Filter.lambda$andFinally$1(Filter.java:55)
at org.openqa.selenium.remote.http.jdk.JdkHttpClient.execute(JdkHttpClient.java:374)
at org.openqa.selenium.remote.HttpCommandExecutor.execute(HttpCommandExecutor.java:187)
at org.openqa.selenium.remote.service.DriverCommandExecutor.invokeExecute(DriverCommandExecutor.java:216)
at org.openqa.selenium.remote.service.DriverCommandExecutor.execute(DriverCommandExecutor.java:174)
at org.openqa.selenium.remote.RemoteWebDriver.execute(RemoteWebDriver.java:545)
... 31 more
Caused by: java.net.ConnectException: Connection refused: no further information
at java.base/sun.nio.ch.SocketChannelImpl.checkConnect(Native Method)
at java.base/sun.nio.ch.SocketChannelImpl.finishConnect(SocketChannelImpl.java:779)
at java.net.http/jdk.internal.net.http.PlainHttpConnection$ConnectEvent.handle(PlainHttpConnection.java:128)
at java.net.http/jdk.internal.net.http.HttpClientImpl$SelectorManager.handleEvent(HttpClientImpl.java:958)
at java.net.http/jdk.internal.net.http.HttpClientImpl$SelectorManager.lambda$run$3(HttpClientImpl.java:913)
at java.base/java.util.ArrayList.forEach(ArrayList.java:1541)
at java.net.http/jdk.internal.net.http.HttpClientImpl$SelectorManager.run(HttpClientImpl.java:913)
]]>
            </full-stacktrace>
          </exception> <!-- org.openqa.selenium.remote.UnreachableBrowserException -->
          <reporter-output>
          </reporter-output>
        </test-method> <!-- ValidateAddCart -->
        <test-method is-config="true" signature="tearDown()[pri:0, instance:com.sausedemo.qa.TestCases.Homepage_Products_Test@2a265ea9]" started-at="2025-02-27T14:55:29 IST" name="tearDown" finished-at="2025-02-27T14:55:31 IST" duration-ms="2015" status="FAIL">
          <exception class="org.openqa.selenium.remote.UnreachableBrowserException">
            <message>
              <![CDATA[Error communicating with the remote browser. It may have died.
Build info: version: '4.23.1', revision: '656257d8e9'
System info: os.name: 'Windows 10', os.arch: 'amd64', os.version: '10.0', java.version: '11.0.24'
Driver info: org.openqa.selenium.edge.EdgeDriver
Command: [0a21dfef31f0ea9b82e831b399eeb271, close []]
Capabilities {acceptInsecureCerts: false, browserName: MicrosoftEdge, browserVersion: 133.0.3065.82, fedcm:accounts: true, ms:edgeOptions: {debuggerAddress: localhost:51965}, msedge: {msedgedriverVersion: 133.0.3065.82 (e8aeaf3e0117..., userDataDir: C:\Users\User\AppData\Local...}, networkConnectionEnabled: false, pageLoadStrategy: normal, platformName: windows, proxy: Proxy(), se:cdp: ws://localhost:51965/devtoo..., se:cdpVersion: 133.0.3065.82, setWindowRect: true, strictFileInteractability: false, timeouts: {implicit: 0, pageLoad: 300000, script: 30000}, unhandledPromptBehavior: dismiss and notify, webauthn:extension:credBlob: true, webauthn:extension:largeBlob: true, webauthn:extension:minPinLength: true, webauthn:extension:prf: true, webauthn:virtualAuthenticators: true}
Session ID: 0a21dfef31f0ea9b82e831b399eeb271]]>
            </message>
            <full-stacktrace>
              <![CDATA[org.openqa.selenium.remote.UnreachableBrowserException: Error communicating with the remote browser. It may have died.
Build info: version: '4.23.1', revision: '656257d8e9'
System info: os.name: 'Windows 10', os.arch: 'amd64', os.version: '10.0', java.version: '11.0.24'
Driver info: org.openqa.selenium.edge.EdgeDriver
Command: [0a21dfef31f0ea9b82e831b399eeb271, close []]
Capabilities {acceptInsecureCerts: false, browserName: MicrosoftEdge, browserVersion: 133.0.3065.82, fedcm:accounts: true, ms:edgeOptions: {debuggerAddress: localhost:51965}, msedge: {msedgedriverVersion: 133.0.3065.82 (e8aeaf3e0117..., userDataDir: C:\Users\User\AppData\Local...}, networkConnectionEnabled: false, pageLoadStrategy: normal, platformName: windows, proxy: Proxy(), se:cdp: ws://localhost:51965/devtoo..., se:cdpVersion: 133.0.3065.82, setWindowRect: true, strictFileInteractability: false, timeouts: {implicit: 0, pageLoad: 300000, script: 30000}, unhandledPromptBehavior: dismiss and notify, webauthn:extension:credBlob: true, webauthn:extension:largeBlob: true, webauthn:extension:minPinLength: true, webauthn:extension:prf: true, webauthn:virtualAuthenticators: true}
Session ID: 0a21dfef31f0ea9b82e831b399eeb271
at org.openqa.selenium.remote.RemoteWebDriver.execute(RemoteWebDriver.java:572)
at org.openqa.selenium.remote.RemoteWebDriver.execute(RemoteWebDriver.java:618)
at org.openqa.selenium.remote.RemoteWebDriver.execute(RemoteWebDriver.java:622)
at org.openqa.selenium.remote.RemoteWebDriver.close(RemoteWebDriver.java:418)
at com.saucedemo.qa.TestBase.BaseClass.tearDown(BaseClass.java:95)
at java.base/jdk.internal.reflect.NativeMethodAccessorImpl.invoke0(Native Method)
at java.base/jdk.internal.reflect.NativeMethodAccessorImpl.invoke(NativeMethodAccessorImpl.java:62)
at java.base/jdk.internal.reflect.DelegatingMethodAccessorImpl.invoke(DelegatingMethodAccessorImpl.java:43)
at java.base/java.lang.reflect.Method.invoke(Method.java:566)
at org.testng.internal.invokers.MethodInvocationHelper.invokeMethod(MethodInvocationHelper.java:141)
at org.testng.internal.invokers.MethodInvocationHelper.invokeMethodConsideringTimeout(MethodInvocationHelper.java:71)
at org.testng.internal.invokers.ConfigInvoker.invokeConfigurationMethod(ConfigInvoker.java:400)
at org.testng.internal.invokers.ConfigInvoker.invokeConfigurations(ConfigInvoker.java:333)
at org.testng.internal.invokers.TestMethodWorker.invokeAfterClassConfigurations(TestMethodWorker.java:238)
at org.testng.internal.invokers.TestMethodWorker.invokeAfterClassMethods(TestMethodWorker.java:223)
at org.testng.internal.invokers.TestMethodWorker.run(TestMethodWorker.java:137)
at java.base/java.util.ArrayList.forEach(ArrayList.java:1541)
at org.testng.TestRunner.privateRun(TestRunner.java:739)
at org.testng.TestRunner.run(TestRunner.java:614)
at org.testng.SuiteRunner.runTest(SuiteRunner.java:421)
at org.testng.SuiteRunner$SuiteWorker.run(SuiteRunner.java:463)
at org.testng.internal.thread.ThreadUtil.lambda$execute$0(ThreadUtil.java:64)
at java.base/java.util.concurrent.FutureTask.run(FutureTask.java:264)
at java.base/java.util.concurrent.ThreadPoolExecutor.runWorker(ThreadPoolExecutor.java:1128)
at java.base/java.util.concurrent.ThreadPoolExecutor$Worker.run(ThreadPoolExecutor.java:628)
at java.base/java.lang.Thread.run(Thread.java:834)
Caused by: java.io.UncheckedIOException: java.net.ConnectException: Connection refused: no further information
at org.openqa.selenium.remote.http.jdk.JdkHttpClient.execute0(JdkHttpClient.java:458)
at org.openqa.selenium.remote.http.AddSeleniumUserAgent.lambda$apply$0(AddSeleniumUserAgent.java:42)
at org.openqa.selenium.remote.http.Filter.lambda$andFinally$1(Filter.java:55)
at org.openqa.selenium.remote.http.jdk.JdkHttpClient.execute(JdkHttpClient.java:374)
at org.openqa.selenium.remote.HttpCommandExecutor.execute(HttpCommandExecutor.java:187)
at org.openqa.selenium.remote.service.DriverCommandExecutor.invokeExecute(DriverCommandExecutor.java:216)
at org.openqa.selenium.remote.service.DriverCommandExecutor.execute(DriverCommandExecutor.java:174)
at org.openqa.selenium.remote.RemoteWebDriver.execute(RemoteWebDriver.java:545)
... 25 more
Caused by: java.net.ConnectException: Connection refused: no further information
at java.base/sun.nio.ch.SocketChannelImpl.checkConnect(Native Method)
at java.base/sun.nio.ch.SocketChannelImpl.finishConnect(SocketChannelImpl.java:779)
at java.net.http/jdk.internal.net.http.PlainHttpConnection$ConnectEvent.handle(PlainHttpConnection.java:128)
at java.net.http/jdk.internal.net.http.HttpClientImpl$SelectorManager.handleEvent(HttpClientImpl.java:958)
at java.net.http/jdk.internal.net.http.HttpClientImpl$SelectorManager.lambda$run$3(HttpClientImpl.java:913)
at java.base/java.util.ArrayList.forEach(ArrayList.java:1541)
at java.net.http/jdk.internal.net.http.HttpClientImpl$SelectorManager.run(HttpClientImpl.java:913)
]]>
            </full-stacktrace>
          </exception> <!-- org.openqa.selenium.remote.UnreachableBrowserException -->
          <reporter-output>
          </reporter-output>
        </test-method> <!-- tearDown -->
      </class> <!-- com.sausedemo.qa.TestCases.Homepage_Products_Test -->
    </test> <!-- FirFoxTest -->
  </suite> <!-- Suite -->
</testng-results>
